2019-12-20 18:41:20 [main] INFO  com.gousade.StarterManage - Starting StarterManage v0.0.1-SNAPSHOT on Gisard with PID 2780 (E:\apache-tomcat-9.0.30\webapps\gousade\WEB-INF\classes started by Administrator in E:\apache-tomcat-9.0.30\bin)
2019-12-20 18:41:20 [main] INFO  com.gousade.StarterManage - No active profile set, falling back to default profiles: default
2019-12-20 18:41:20 [main] INFO  o.s.b.c.e.AnnotationConfigEmbeddedWebApplicationContext - Refreshing org.springframework.boot.context.embedded.AnnotationConfigEmbeddedWebApplicationContext@7fce8421: startup date [Fri Dec 20 18:41:20 CST 2019]; root of context hierarchy
2019-12-20 18:41:20 [background-preinit] INFO  o.h.validator.internal.util.Version - HV000001: Hibernate Validator 5.3.5.Final
2019-12-20 18:41:22 [main] INFO  o.s.d.r.c.RepositoryConfigurationDelegate - Multiple Spring Data modules found, entering strict repository configuration mode!
2019-12-20 18:41:22 [main] INFO  o.s.c.s.PostProcessorRegistrationDelegate$BeanPostProcessorChecker - Bean 'shiroConfig' of type [com.gousade.config.ShiroConfig$$EnhancerBySpringCGLIB$$de7f4159] is not eligible for getting processed by all BeanPostProcessors (for example: not eligible for auto-proxying)
2019-12-20 18:41:22 [main] INFO  o.s.c.s.PostProcessorRegistrationDelegate$BeanPostProcessorChecker - Bean 'hashedCredentialsMatcher' of type [org.apache.shiro.authc.credential.HashedCredentialsMatcher] is not eligible for getting processed by all BeanPostProcessors (for example: not eligible for auto-proxying)
2019-12-20 18:41:23 [main] INFO  o.s.c.s.PostProcessorRegistrationDelegate$BeanPostProcessorChecker - Bean 'mybatis-org.mybatis.spring.boot.autoconfigure.MybatisProperties' of type [org.mybatis.spring.boot.autoconfigure.MybatisProperties] is not eligible for getting processed by all BeanPostProcessors (for example: not eligible for auto-proxying)
2019-12-20 18:41:23 [main] INFO  o.s.c.s.PostProcessorRegistrationDelegate$BeanPostProcessorChecker - Bean 'org.mybatis.spring.boot.autoconfigure.MybatisAutoConfiguration' of type [org.mybatis.spring.boot.autoconfigure.MybatisAutoConfiguration$$EnhancerBySpringCGLIB$$1dbe463e] is not eligible for getting processed by all BeanPostProcessors (for example: not eligible for auto-proxying)
2019-12-20 18:41:23 [main] INFO  o.s.c.s.PostProcessorRegistrationDelegate$BeanPostProcessorChecker - Bean 'com.alibaba.druid.spring.boot.autoconfigure.DruidDataSourceAutoConfigure' of type [com.alibaba.druid.spring.boot.autoconfigure.DruidDataSourceAutoConfigure$$EnhancerBySpringCGLIB$$495ea80] is not eligible for getting processed by all BeanPostProcessors (for example: not eligible for auto-proxying)
2019-12-20 18:41:23 [main] INFO  c.a.d.s.b.a.DruidDataSourceAutoConfigure - Init DruidDataSource
2019-12-20 18:41:23 [main] INFO  o.s.c.s.PostProcessorRegistrationDelegate$BeanPostProcessorChecker - Bean 'spring.datasource-org.springframework.boot.autoconfigure.jdbc.DataSourceProperties' of type [org.springframework.boot.autoconfigure.jdbc.DataSourceProperties] is not eligible for getting processed by all BeanPostProcessors (for example: not eligible for auto-proxying)
2019-12-20 18:41:23 [main] INFO  o.s.c.s.PostProcessorRegistrationDelegate$BeanPostProcessorChecker - Bean 'com.alibaba.druid.spring.boot.autoconfigure.stat.DruidFilterConfiguration' of type [com.alibaba.druid.spring.boot.autoconfigure.stat.DruidFilterConfiguration] is not eligible for getting processed by all BeanPostProcessors (for example: not eligible for auto-proxying)
2019-12-20 18:41:23 [main] INFO  o.s.c.s.PostProcessorRegistrationDelegate$BeanPostProcessorChecker - Bean 'statFilter' of type [com.alibaba.druid.filter.stat.StatFilter] is not eligible for getting processed by all BeanPostProcessors (for example: not eligible for auto-proxying)
2019-12-20 18:41:23 [main] INFO  o.s.c.s.PostProcessorRegistrationDelegate$BeanPostProcessorChecker - Bean 'configFilter' of type [com.alibaba.druid.filter.config.ConfigFilter] is not eligible for getting processed by all BeanPostProcessors (for example: not eligible for auto-proxying)
2019-12-20 18:41:26 [main] INFO  c.alibaba.druid.pool.DruidDataSource - {dataSource-1} inited
2019-12-20 18:41:26 [main] INFO  o.s.c.s.PostProcessorRegistrationDelegate$BeanPostProcessorChecker - Bean 'dataSource' of type [com.alibaba.druid.spring.boot.autoconfigure.DruidDataSourceWrapper] is not eligible for getting processed by all BeanPostProcessors (for example: not eligible for auto-proxying)
2019-12-20 18:41:26 [main] INFO  o.s.c.s.PostProcessorRegistrationDelegate$BeanPostProcessorChecker - Bean 'sqlSessionFactory' of type [org.apache.ibatis.session.defaults.DefaultSqlSessionFactory] is not eligible for getting processed by all BeanPostProcessors (for example: not eligible for auto-proxying)
2019-12-20 18:41:26 [main] INFO  o.s.c.s.PostProcessorRegistrationDelegate$BeanPostProcessorChecker - Bean 'sqlSessionTemplate' of type [org.mybatis.spring.SqlSessionTemplate] is not eligible for getting processed by all BeanPostProcessors (for example: not eligible for auto-proxying)
2019-12-20 18:41:26 [main] INFO  o.s.c.s.PostProcessorRegistrationDelegate$BeanPostProcessorChecker - Bean 'userMapper' of type [org.mybatis.spring.mapper.MapperFactoryBean] is not eligible for getting processed by all BeanPostProcessors (for example: not eligible for auto-proxying)
2019-12-20 18:41:26 [main] INFO  o.s.c.s.PostProcessorRegistrationDelegate$BeanPostProcessorChecker - Bean 'userMapper' of type [com.sun.proxy.$Proxy56] is not eligible for getting processed by all BeanPostProcessors (for example: not eligible for auto-proxying)
2019-12-20 18:41:26 [main] INFO  o.s.c.s.PostProcessorRegistrationDelegate$BeanPostProcessorChecker - Bean 'messageMapper' of type [org.mybatis.spring.mapper.MapperFactoryBean] is not eligible for getting processed by all BeanPostProcessors (for example: not eligible for auto-proxying)
2019-12-20 18:41:26 [main] INFO  o.s.c.s.PostProcessorRegistrationDelegate$BeanPostProcessorChecker - Bean 'messageMapper' of type [com.sun.proxy.$Proxy57] is not eligible for getting processed by all BeanPostProcessors (for example: not eligible for auto-proxying)
2019-12-20 18:41:26 [main] INFO  o.s.c.s.PostProcessorRegistrationDelegate$BeanPostProcessorChecker - Bean 'messageService' of type [com.gousade.service.MessageService] is not eligible for getting processed by all BeanPostProcessors (for example: not eligible for auto-proxying)
2019-12-20 18:41:26 [main] INFO  o.s.c.s.PostProcessorRegistrationDelegate$BeanPostProcessorChecker - Bean 'userService' of type [com.gousade.service.UserService] is not eligible for getting processed by all BeanPostProcessors (for example: not eligible for auto-proxying)
2019-12-20 18:41:26 [main] INFO  o.s.c.s.PostProcessorRegistrationDelegate$BeanPostProcessorChecker - Bean 'myShiroRealm' of type [com.gousade.config.ShiroRealm] is not eligible for getting processed by all BeanPostProcessors (for example: not eligible for auto-proxying)
2019-12-20 18:41:26 [main] INFO  o.s.c.s.PostProcessorRegistrationDelegate$BeanPostProcessorChecker - Bean 'securityManager' of type [org.apache.shiro.web.mgt.DefaultWebSecurityManager] is not eligible for getting processed by all BeanPostProcessors (for example: not eligible for auto-proxying)
2019-12-20 18:41:26 [main] INFO  o.s.c.s.PostProcessorRegistrationDelegate$BeanPostProcessorChecker - Bean 'org.springframework.transaction.annotation.ProxyTransactionManagementConfiguration' of type [org.springframework.transaction.annotation.ProxyTransactionManagementConfiguration$$EnhancerBySpringCGLIB$$eae9f50e] is not eligible for getting processed by all BeanPostProcessors (for example: not eligible for auto-proxying)
2019-12-20 18:41:27 [main] INFO  o.s.c.s.PostProcessorRegistrationDelegate$BeanPostProcessorChecker - Bean 'authorizationAttributeSourceAdvisor' of type [org.apache.shiro.spring.security.interceptor.AuthorizationAttributeSourceAdvisor] is not eligible for getting processed by all BeanPostProcessors (for example: not eligible for auto-proxying)
2019-12-20 18:41:27 [main] INFO  o.s.web.context.ContextLoader - Root WebApplicationContext: initialization completed in 6876 ms
2019-12-20 18:41:27 [main] INFO  o.s.b.w.s.ServletRegistrationBean - Mapping servlet: 'dispatcherServlet' to [/]
2019-12-20 18:41:27 [main] INFO  o.s.b.w.s.ServletRegistrationBean - Mapping servlet: 'statViewServlet' to [/druid/*]
2019-12-20 18:41:27 [main] INFO  o.s.b.w.s.FilterRegistrationBean - Mapping filter: 'errorPageFilter' to: [/*]
2019-12-20 18:41:27 [main] INFO  o.s.b.w.s.FilterRegistrationBean - Mapping filter: 'characterEncodingFilter' to: [/*]
2019-12-20 18:41:27 [main] INFO  o.s.b.w.s.FilterRegistrationBean - Mapping filter: 'hiddenHttpMethodFilter' to: [/*]
2019-12-20 18:41:27 [main] INFO  o.s.b.w.s.FilterRegistrationBean - Mapping filter: 'httpPutFormContentFilter' to: [/*]
2019-12-20 18:41:27 [main] INFO  o.s.b.w.s.FilterRegistrationBean - Mapping filter: 'requestContextFilter' to: [/*]
2019-12-20 18:41:27 [main] INFO  o.s.b.w.s.FilterRegistrationBean - Mapping filter: 'webStatFilter' to urls: [/*]
2019-12-20 18:41:27 [main] INFO  o.s.b.w.s.FilterRegistrationBean - Mapping filter: 'shirFilter' to: [/*]
2019-12-20 18:41:28 [main] INFO  o.s.w.s.m.m.a.RequestMappingHandlerAdapter - Looking for @ControllerAdvice: org.springframework.boot.context.embedded.AnnotationConfigEmbeddedWebApplicationContext@7fce8421: startup date [Fri Dec 20 18:41:20 CST 2019]; root of context hierarchy
2019-12-20 18:41:28 [main] INFO  o.s.w.s.m.m.a.RequestMappingHandlerMapping - Mapped "{[/querywordslist],methods=[POST]}" onto public java.util.Map<java.lang.String, java.lang.Object> com.gousade.controller.AnalysisController.querywordslist(java.lang.String,java.lang.String,javax.servlet.http.HttpServletRequest)
2019-12-20 18:41:28 [main] INFO  o.s.w.s.m.m.a.RequestMappingHandlerMapping - Mapped "{[/querycomments],methods=[POST]}" onto public java.util.List<java.util.Map<java.lang.String, java.lang.Object>> com.gousade.controller.AnalysisController.querycomments(java.util.Map<java.lang.String, java.lang.Object>)
2019-12-20 18:41:28 [main] INFO  o.s.w.s.m.m.a.RequestMappingHandlerMapping - Mapped "{[/selectwordslist],methods=[POST]}" onto public java.util.Map<java.lang.String, java.lang.Object> com.gousade.controller.AnalysisController.selectwordslist(java.lang.String,java.lang.String,javax.servlet.http.HttpServletRequest)
2019-12-20 18:41:28 [main] INFO  o.s.w.s.m.m.a.RequestMappingHandlerMapping - Mapped "{[/delwords],methods=[POST]}" onto public java.util.Map<java.lang.String, java.lang.Object> com.gousade.controller.AnalysisController.delwords(java.util.Map<java.lang.String, java.lang.Object>)
2019-12-20 18:41:28 [main] INFO  o.s.w.s.m.m.a.RequestMappingHandlerMapping - Mapped "{[/insertwords],methods=[POST]}" onto public java.util.Map<java.lang.String, java.lang.Object> com.gousade.controller.AnalysisController.insertwords(java.util.Map<java.lang.String, java.lang.Object>)
2019-12-20 18:41:28 [main] INFO  o.s.w.s.m.m.a.RequestMappingHandlerMapping - Mapped "{[/updatewords],methods=[POST]}" onto public java.util.Map<java.lang.String, java.lang.Object> com.gousade.controller.AnalysisController.updatewords(java.util.Map<java.lang.String, java.lang.Object>)
2019-12-20 18:41:28 [main] INFO  o.s.w.s.m.m.a.RequestMappingHandlerMapping - Mapped "{[/expertwords],methods=[POST]}" onto public java.util.Map<java.lang.String, java.lang.Object> com.gousade.controller.AnalysisController.expertwords(javax.servlet.http.HttpServletResponse,java.util.Map<java.lang.String, java.lang.Object>) throws java.io.IOException
2019-12-20 18:41:28 [main] INFO  o.s.w.s.m.m.a.RequestMappingHandlerMapping - Mapped "{[/main]}" onto public java.lang.String com.gousade.controller.ManageController.main()
2019-12-20 18:41:28 [main] INFO  o.s.w.s.m.m.a.RequestMappingHandlerMapping - Mapped "{[/login]}" onto public java.lang.String com.gousade.controller.ManageController.login(javax.servlet.http.HttpServletRequest)
2019-12-20 18:41:28 [main] INFO  o.s.w.s.m.m.a.RequestMappingHandlerMapping - Mapped "{[/]}" onto public java.lang.String com.gousade.controller.ManageController.showIndex()
2019-12-20 18:41:28 [main] INFO  o.s.w.s.m.m.a.RequestMappingHandlerMapping - Mapped "{[/{pageName}]}" onto public java.lang.String com.gousade.controller.ManageController.toPage(java.lang.String,javax.servlet.http.HttpServletRequest,javax.servlet.http.HttpServletResponse)
2019-12-20 18:41:28 [main] INFO  o.s.w.s.m.m.a.RequestMappingHandlerMapping - Mapped "{[/user/{pageName}]}" onto public java.lang.String com.gousade.controller.ManageController.showuserlist(java.lang.String)
2019-12-20 18:41:28 [main] INFO  o.s.w.s.m.m.a.RequestMappingHandlerMapping - Mapped "{[/findMessageList]}" onto public java.lang.String com.gousade.controller.MessageController.findMessageList(java.lang.String,org.springframework.ui.Model)
2019-12-20 18:41:28 [main] INFO  o.s.w.s.m.m.a.RequestMappingHandlerMapping - Mapped "{[/showMessage]}" onto public java.lang.String com.gousade.controller.MessageController.updateMessage(java.lang.String,java.lang.String,org.springframework.ui.Model)
2019-12-20 18:41:28 [main] INFO  o.s.w.s.m.m.a.RequestMappingHandlerMapping - Mapped "{[/toMid_upload]}" onto public java.lang.String com.gousade.controller.Mid_TermController.toMidUpload(org.springframework.ui.Model)
2019-12-20 18:41:28 [main] INFO  o.s.w.s.m.m.a.RequestMappingHandlerMapping - Mapped "{[/setMidRule]}" onto public java.lang.String com.gousade.controller.Mid_TermController.setMidRule(com.gousade.pojo.Declaration,org.springframework.ui.Model)
2019-12-20 18:41:28 [main] INFO  o.s.w.s.m.m.a.RequestMappingHandlerMapping - Mapped "{[/midUpload]}" onto public java.lang.String com.gousade.controller.Mid_TermController.midUpload(org.springframework.web.multipart.MultipartFile,javax.servlet.http.HttpServletRequest,org.springframework.ui.Model)
2019-12-20 18:41:28 [main] INFO  o.s.w.s.m.m.a.RequestMappingHandlerMapping - Mapped "{[/toEndList]}" onto public java.lang.String com.gousade.controller.Mid_TermController.toEndReview(org.springframework.ui.Model)
2019-12-20 18:41:28 [main] INFO  o.s.w.s.m.m.a.RequestMappingHandlerMapping - Mapped "{[/midReview]}" onto public java.lang.String com.gousade.controller.Mid_TermController.midReview(java.lang.String,int,java.lang.String,org.springframework.ui.Model)
2019-12-20 18:41:28 [main] INFO  o.s.w.s.m.m.a.RequestMappingHandlerMapping - Mapped "{[/toMid_Review]}" onto public java.lang.String com.gousade.controller.Mid_TermController.midReview(java.lang.String,org.springframework.ui.Model)
2019-12-20 18:41:28 [main] INFO  o.s.w.s.m.m.a.RequestMappingHandlerMapping - Mapped "{[/endUpload]}" onto public java.lang.String com.gousade.controller.Mid_TermController.endUpload(org.springframework.web.multipart.MultipartFile,javax.servlet.http.HttpServletRequest,org.springframework.ui.Model)
2019-12-20 18:41:28 [main] INFO  o.s.w.s.m.m.a.RequestMappingHandlerMapping - Mapped "{[/toEnd_Review]}" onto public java.lang.String com.gousade.controller.Mid_TermController.endReview(java.lang.String,org.springframework.ui.Model)
2019-12-20 18:41:28 [main] INFO  o.s.w.s.m.m.a.RequestMappingHandlerMapping - Mapped "{[/endReview]}" onto public java.lang.String com.gousade.controller.Mid_TermController.endReview(java.lang.String,int,java.lang.String,org.springframework.ui.Model)
2019-12-20 18:41:28 [main] INFO  o.s.w.s.m.m.a.RequestMappingHandlerMapping - Mapped "{[/toDeclare_upload]}" onto public java.lang.String com.gousade.controller.Mid_TermController.declare_upload(org.springframework.web.multipart.MultipartFile,javax.servlet.http.HttpServletRequest,org.springframework.ui.Model)
2019-12-20 18:41:28 [main] INFO  o.s.w.s.m.m.a.RequestMappingHandlerMapping - Mapped "{[/toMidList]}" onto public java.lang.String com.gousade.controller.Mid_TermController.toMidReview(org.springframework.ui.Model)
2019-12-20 18:41:28 [main] INFO  o.s.w.s.m.m.a.RequestMappingHandlerMapping - Mapped "{[/toEnd_upload]}" onto public java.lang.String com.gousade.controller.Mid_TermController.toEndUpload(org.springframework.ui.Model)
2019-12-20 18:41:28 [main] INFO  o.s.w.s.m.m.a.RequestMappingHandlerMapping - Mapped "{[/setEndRule]}" onto public java.lang.String com.gousade.controller.Mid_TermController.setEndRule(com.gousade.pojo.Declaration,org.springframework.ui.Model)
2019-12-20 18:41:28 [main] INFO  o.s.w.s.m.m.a.RequestMappingHandlerMapping - Mapped "{[/queryrolelist],methods=[POST]}" onto public java.util.List<java.util.Map<java.lang.String, java.lang.Object>> com.gousade.controller.OldroleController.queryuserlist(java.util.Map<java.lang.String, java.lang.Object>)
2019-12-20 18:41:28 [main] INFO  o.s.w.s.m.m.a.RequestMappingHandlerMapping - Mapped "{[/updaterole],methods=[POST]}" onto public java.util.Map<java.lang.String, java.lang.Object> com.gousade.controller.OldroleController.updateuser(java.util.Map<java.lang.String, java.lang.Object>)
2019-12-20 18:41:28 [main] INFO  o.s.w.s.m.m.a.RequestMappingHandlerMapping - Mapped "{[/querymenulist],methods=[POST]}" onto public java.util.List<java.util.Map<java.lang.String, java.lang.Object>> com.gousade.controller.OldroleController.querymenulist(java.util.Map<java.lang.String, java.lang.Object>)
2019-12-20 18:41:28 [main] INFO  o.s.w.s.m.m.a.RequestMappingHandlerMapping - Mapped "{[/testrolelist],methods=[POST]}" onto public java.util.List<com.gousade.pojo.Oldrole> com.gousade.controller.OldroleController.testrolelist(java.util.Map<java.lang.String, java.lang.Object>)
2019-12-20 18:41:28 [main] INFO  o.s.w.s.m.m.a.RequestMappingHandlerMapping - Mapped "{[/updatemenu],methods=[POST]}" onto public java.util.Map<java.lang.String, java.lang.Object> com.gousade.controller.OldroleController.updatemenu(java.util.Map<java.lang.String, java.lang.Object>)
2019-12-20 18:41:28 [main] INFO  o.s.w.s.m.m.a.RequestMappingHandlerMapping - Mapped "{[/delroles],methods=[POST]}" onto public java.util.Map<java.lang.String, java.lang.Object> com.gousade.controller.OldroleController.delroles(java.util.Map<java.lang.String, java.lang.Object>)
2019-12-20 18:41:28 [main] INFO  o.s.w.s.m.m.a.RequestMappingHandlerMapping - Mapped "{[/insertrole],methods=[POST]}" onto public java.util.Map<java.lang.String, java.lang.Object> com.gousade.controller.OldroleController.insertrole(java.util.Map<java.lang.String, java.lang.Object>)
2019-12-20 18:41:28 [main] INFO  o.s.w.s.m.m.a.RequestMappingHandlerMapping - Mapped "{[/delmenus],methods=[POST]}" onto public java.util.Map<java.lang.String, java.lang.Object> com.gousade.controller.OldroleController.delmenus(java.util.Map<java.lang.String, java.lang.Object>)
2019-12-20 18:41:28 [main] INFO  o.s.w.s.m.m.a.RequestMappingHandlerMapping - Mapped "{[/selectAllTree],methods=[POST]}" onto public java.util.List<com.gousade.pojo.Tree> com.gousade.controller.ResourceController.selectAllTree()
2019-12-20 18:41:28 [main] INFO  o.s.w.s.m.m.a.RequestMappingHandlerMapping - Mapped "{[/selectResourceList],methods=[POST]}" onto public java.util.List<com.gousade.pojo.Resource> com.gousade.controller.ResourceController.selectResourceList()
2019-12-20 18:41:28 [main] INFO  o.s.w.s.m.m.a.RequestMappingHandlerMapping - Mapped "{[/logout],methods=[GET || POST]}" onto public java.lang.Object com.gousade.controller.UserController.logout(javax.servlet.http.HttpSession,javax.servlet.http.HttpServletRequest,javax.servlet.http.HttpServletResponse)
2019-12-20 18:41:28 [main] INFO  o.s.w.s.m.m.a.RequestMappingHandlerMapping - Mapped "{[/listAdminMenu],methods=[POST]}" onto public java.util.List<com.gousade.pojo.Menu> com.gousade.controller.UserController.listAdminMenu(java.util.Map<java.lang.String, java.lang.Object>)
2019-12-20 18:41:28 [main] INFO  o.s.w.s.m.m.a.RequestMappingHandlerMapping - Mapped "{[/firstpassbyid],methods=[POST]}" onto public java.util.Map<java.lang.String, java.lang.Object> com.gousade.controller.UserController.firstpassbyid(java.util.Map<java.lang.String, java.lang.Object>)
2019-12-20 18:41:28 [main] INFO  o.s.w.s.m.m.a.RequestMappingHandlerMapping - Mapped "{[/insertuser],methods=[POST]}" onto public java.util.Map<java.lang.String, java.lang.Object> com.gousade.controller.UserController.insertuser(java.util.Map<java.lang.String, java.lang.Object>)
2019-12-20 18:41:28 [main] INFO  o.s.w.s.m.m.a.RequestMappingHandlerMapping - Mapped "{[/loginShiroUser],methods=[POST]}" onto public org.springframework.web.servlet.ModelAndView com.gousade.controller.UserController.loginShiroUser(java.lang.String,java.lang.String,org.springframework.ui.Model,javax.servlet.http.HttpServletRequest)
2019-12-20 18:41:28 [main] INFO  o.s.w.s.m.m.a.RequestMappingHandlerMapping - Mapped "{[/dopassbyid],methods=[POST]}" onto public java.util.Map<java.lang.String, java.lang.Object> com.gousade.controller.UserController.dopassbyid(java.util.Map<java.lang.String, java.lang.Object>)
2019-12-20 18:41:28 [main] INFO  o.s.w.s.m.m.a.RequestMappingHandlerMapping - Mapped "{[/assignexperts],methods=[POST]}" onto public java.util.Map<java.lang.String, java.lang.Object> com.gousade.controller.UserController.assignexperts(java.util.Map<java.lang.String, java.lang.Object>)
2019-12-20 18:41:28 [main] INFO  o.s.w.s.m.m.a.RequestMappingHandlerMapping - Mapped "{[/resetpsd],methods=[POST]}" onto public java.util.Map<java.lang.String, java.lang.Object> com.gousade.controller.UserController.resetpsd(java.util.Map<java.lang.String, java.lang.Object>)
2019-12-20 18:41:28 [main] INFO  o.s.w.s.m.m.a.RequestMappingHandlerMapping - Mapped "{[/ShiroRegist],methods=[POST]}" onto public java.util.Map<java.lang.String, java.lang.Object> com.gousade.controller.UserController.ShiroRegist(java.util.Map<java.lang.String, java.lang.Object>)
2019-12-20 18:41:28 [main] INFO  o.s.w.s.m.m.a.RequestMappingHandlerMapping - Mapped "{[/getcode],methods=[POST]}" onto public java.util.Map<java.lang.String, java.lang.Object> com.gousade.controller.UserController.getcode(java.util.Map<java.lang.String, java.lang.Object>)
2019-12-20 18:41:28 [main] INFO  o.s.w.s.m.m.a.RequestMappingHandlerMapping - Mapped "{[/cleanpsd],methods=[POST]}" onto public java.util.Map<java.lang.String, java.lang.Object> com.gousade.controller.UserController.cleanpsd(java.util.Map<java.lang.String, java.lang.Object>)
2019-12-20 18:41:28 [main] INFO  o.s.w.s.m.m.a.RequestMappingHandlerMapping - Mapped "{[/setrule],methods=[POST]}" onto public java.lang.String com.gousade.controller.UserController.setrule(java.util.Map<java.lang.String, java.lang.String>)
2019-12-20 18:41:28 [main] INFO  o.s.w.s.m.m.a.RequestMappingHandlerMapping - Mapped "{[/declare],methods=[POST]}" onto public java.lang.String com.gousade.controller.UserController.declare(java.util.Map<java.lang.String, java.lang.String>)
2019-12-20 18:41:28 [main] INFO  o.s.w.s.m.m.a.RequestMappingHandlerMapping - Mapped "{[/regist],methods=[POST]}" onto public java.util.Map<java.lang.String, java.lang.Object> com.gousade.controller.UserController.regist(java.util.Map<java.lang.String, java.lang.Object>)
2019-12-20 18:41:28 [main] INFO  o.s.w.s.m.m.a.RequestMappingHandlerMapping - Mapped "{[/delusers],methods=[POST]}" onto public java.util.Map<java.lang.String, java.lang.Object> com.gousade.controller.UserController.delusers(java.util.Map<java.lang.String, java.lang.Object>)
2019-12-20 18:41:28 [main] INFO  o.s.w.s.m.m.a.RequestMappingHandlerMapping - Mapped "{[/queryprojlist],methods=[POST]}" onto public java.util.List<java.util.Map<java.lang.String, java.lang.Object>> com.gousade.controller.UserController.queryprojlist(java.util.Map<java.lang.String, java.lang.Object>)
2019-12-20 18:41:28 [main] INFO  o.s.w.s.m.m.a.RequestMappingHandlerMapping - Mapped "{[/savegrading],methods=[POST]}" onto public java.util.Map<java.lang.String, java.lang.Object> com.gousade.controller.UserController.savegrading(java.util.Map<java.lang.String, java.lang.Object>)
2019-12-20 18:41:28 [main] INFO  o.s.w.s.m.m.a.RequestMappingHandlerMapping - Mapped "{[/queryuserlist],methods=[POST]}" onto public java.util.Map<java.lang.String, java.lang.Object> com.gousade.controller.UserController.queryuserlist(java.lang.String,java.lang.String,javax.servlet.http.HttpServletRequest)
2019-12-20 18:41:28 [main] INFO  o.s.w.s.m.m.a.RequestMappingHandlerMapping - Mapped "{[/updateuser],methods=[POST]}" onto public java.util.Map<java.lang.String, java.lang.Object> com.gousade.controller.UserController.updateuser(java.util.Map<java.lang.String, java.lang.Object>)
2019-12-20 18:41:28 [main] INFO  o.s.w.s.m.m.a.RequestMappingHandlerMapping - Mapped "{[/toLogin]}" onto public org.springframework.web.servlet.ModelAndView com.gousade.controller.UserController.toLogin(java.lang.String,java.lang.String,org.springframework.ui.Model,javax.servlet.http.HttpServletRequest)
2019-12-20 18:41:28 [main] INFO  o.s.w.s.m.m.a.RequestMappingHandlerMapping - Mapped "{[/error]}" onto public org.springframework.http.ResponseEntity<java.util.Map<java.lang.String, java.lang.Object>> org.springframework.boot.autoconfigure.web.BasicErrorController.error(javax.servlet.http.HttpServletRequest)
2019-12-20 18:41:28 [main] INFO  o.s.w.s.m.m.a.RequestMappingHandlerMapping - Mapped "{[/error],produces=[text/html]}" onto public org.springframework.web.servlet.ModelAndView org.springframework.boot.autoconfigure.web.BasicErrorController.errorHtml(javax.servlet.http.HttpServletRequest,javax.servlet.http.HttpServletResponse)
2019-12-20 18:41:28 [main] INFO  o.s.w.s.h.SimpleUrlHandlerMapping - Mapped URL path [/webjars/**] onto handler of type [class org.springframework.web.servlet.resource.ResourceHttpRequestHandler]
2019-12-20 18:41:28 [main] INFO  o.s.w.s.h.SimpleUrlHandlerMapping - Mapped URL path [/**] onto handler of type [class org.springframework.web.servlet.resource.ResourceHttpRequestHandler]
2019-12-20 18:41:28 [main] INFO  o.s.w.s.m.m.a.ExceptionHandlerExceptionResolver - Detected @ExceptionHandler methods in noPermissionException
2019-12-20 18:41:29 [main] INFO  o.s.w.s.h.SimpleUrlHandlerMapping - Mapped URL path [/**/favicon.ico] onto handler of type [class org.springframework.web.servlet.resource.ResourceHttpRequestHandler]
2019-12-20 18:41:30 [main] INFO  o.s.u.f.SpringTemplateLoader - SpringTemplateLoader for FreeMarker: using resource loader [org.springframework.boot.context.embedded.AnnotationConfigEmbeddedWebApplicationContext@7fce8421: startup date [Fri Dec 20 18:41:20 CST 2019]; root of context hierarchy] and template loader path [classpath:/templates/]
2019-12-20 18:41:30 [main] INFO  o.s.w.s.v.f.FreeMarkerConfigurer - ClassTemplateLoader for Spring macros added to FreeMarker configuration
2019-12-20 18:41:30 [main] WARN  o.s.b.a.f.FreeMarkerAutoConfiguration - Cannot find template location(s): [classpath:/templates/] (please add some templates, check your FreeMarker configuration, or set spring.freemarker.checkTemplateLocation=false)
2019-12-20 18:41:30 [main] WARN  o.s.b.s.r.RedisStarterDeprecationWarningAutoConfiguration - spring-boot-starter-redis is deprecated as of Spring Boot 1.4, please migrate to spring-boot-starter-data-redis
2019-12-20 18:41:30 [main] INFO  o.s.j.e.a.AnnotationMBeanExporter - Registering beans for JMX exposure on startup
2019-12-20 18:41:30 [main] INFO  o.s.j.e.a.AnnotationMBeanExporter - Bean with name 'statFilter' has been autodetected for JMX exposure
2019-12-20 18:41:30 [main] INFO  o.s.j.e.a.AnnotationMBeanExporter - Bean with name 'dataSource' has been autodetected for JMX exposure
2019-12-20 18:41:30 [main] INFO  o.s.j.e.a.AnnotationMBeanExporter - Located MBean 'dataSource': registering with JMX server as MBean [com.alibaba.druid.spring.boot.autoconfigure:name=dataSource,type=DruidDataSourceWrapper]
2019-12-20 18:41:30 [main] INFO  o.s.j.e.a.AnnotationMBeanExporter - Located MBean 'statFilter': registering with JMX server as MBean [com.alibaba.druid.filter.stat:name=statFilter,type=StatFilter]
2019-12-20 18:41:30 [main] INFO  com.gousade.StarterManage - Started StarterManage in 11.843 seconds (JVM running for 23.372)
2019-12-20 18:41:30 [main] INFO  org.apache.jasper.servlet.TldScanner - è‡³å°‘æœ‰ä¸€ä¸ªJARè¢«æ‰«æç”¨äºŽTLDä½†å°šæœªåŒ…å«TLDã€‚ ä¸ºæ­¤è®°å½•å™¨å¯ç”¨è°ƒè¯•æ—¥å¿—è®°å½•ï¼Œä»¥èŽ·å–å·²æ‰«æä½†æœªåœ¨å…¶ä¸­æ‰¾åˆ°TLDçš„å®Œæ•´JARåˆ—è¡¨ã€‚ åœ¨æ‰«ææœŸé—´è·³è¿‡ä¸éœ€è¦çš„JARå¯ä»¥ç¼©çŸ­å¯åŠ¨æ—¶é—´å’ŒJSPç¼–è¯‘æ—¶é—´ã€‚
2019-12-20 18:41:43 [http-nio-8080-exec-5] INFO  o.s.web.servlet.DispatcherServlet - FrameworkServlet 'dispatcherServlet': initialization started
2019-12-20 18:41:44 [http-nio-8080-exec-5] INFO  o.s.web.servlet.DispatcherServlet - FrameworkServlet 'dispatcherServlet': initialization completed in 46 ms
2019-12-20 18:53:34 [restartedMain] INFO  o.s.boot.SpringApplication - [95m
____    __    ____  ______   ___   ___  __    _______   ______    __    __       _______.     ___       _______   _______ 
\   \  /  \  /   / /  __  \  \  \ /  / |  |  /  _____| /  __  \  |  |  |  |     /       |    /   \     |       \ |   ____|
 \   \/    \/   / |  |  |  |  \  V  /  |  | |  |  __  |  |  |  | |  |  |  |    |   (----`   /  ^  \    |  .--.  ||  |__   
  \            /  |  |  |  |   >   <   |  | |  | |_ | |  |  |  | |  |  |  |     \   \      /  /_\  \   |  |  |  ||   __|  
   \    /\    /   |  `--'  |  /  .  \  |  | |  |__| | |  `--'  | |  `--'  | .----)   |    /  _____  \  |  '--'  ||  |____ 
    \__/  \__/     \______/  /__/ \__\ |__|  \______|  \______/   \______/  |_______/    /__/     \__\ |_______/ |_______|

 :: Spring Boot ::       (v2.0.5.RELEASE)

2019-12-20 18:53:34 [restartedMain] INFO  com.gousade.StarterManage - Starting StarterManage on Gisard with PID 6544 (E:\Workspaces\gousade\target\classes started by Administrator in E:\Workspaces\gousade)
2019-12-20 18:53:34 [restartedMain] INFO  com.gousade.StarterManage - No active profile set, falling back to default profiles: default
2019-12-20 18:53:35 [restartedMain] INFO  o.s.b.w.s.c.AnnotationConfigServletWebServerApplicationContext - Refreshing org.springframework.boot.web.servlet.context.AnnotationConfigServletWebServerApplicationContext@cf2d21e: startup date [Fri Dec 20 18:53:35 CST 2019]; root of context hierarchy
2019-12-20 18:53:36 [restartedMain] INFO  o.s.d.r.c.RepositoryConfigurationDelegate - Multiple Spring Data modules found, entering strict repository configuration mode!
2019-12-20 18:53:36 [restartedMain] INFO  o.s.c.s.PostProcessorRegistrationDelegate$BeanPostProcessorChecker - Bean 'shiroConfig' of type [com.gousade.config.ShiroConfig$$EnhancerBySpringCGLIB$$cf63b2a3] is not eligible for getting processed by all BeanPostProcessors (for example: not eligible for auto-proxying)
2019-12-20 18:53:36 [restartedMain] INFO  o.s.c.s.PostProcessorRegistrationDelegate$BeanPostProcessorChecker - Bean 'hashedCredentialsMatcher' of type [org.apache.shiro.authc.credential.HashedCredentialsMatcher] is not eligible for getting processed by all BeanPostProcessors (for example: not eligible for auto-proxying)
2019-12-20 18:53:36 [restartedMain] INFO  o.s.c.s.PostProcessorRegistrationDelegate$BeanPostProcessorChecker - Bean 'org.springframework.boot.context.properties.ConversionServiceDeducer$Factory' of type [org.springframework.boot.context.properties.ConversionServiceDeducer$Factory] is not eligible for getting processed by all BeanPostProcessors (for example: not eligible for auto-proxying)
2019-12-20 18:53:36 [restartedMain] INFO  o.s.c.s.PostProcessorRegistrationDelegate$BeanPostProcessorChecker - Bean 'mybatis-org.mybatis.spring.boot.autoconfigure.MybatisProperties' of type [org.mybatis.spring.boot.autoconfigure.MybatisProperties] is not eligible for getting processed by all BeanPostProcessors (for example: not eligible for auto-proxying)
2019-12-20 18:53:36 [restartedMain] INFO  o.s.c.s.PostProcessorRegistrationDelegate$BeanPostProcessorChecker - Bean 'org.mybatis.spring.boot.autoconfigure.MybatisAutoConfiguration' of type [org.mybatis.spring.boot.autoconfigure.MybatisAutoConfiguration$$EnhancerBySpringCGLIB$$ea2b788] is not eligible for getting processed by all BeanPostProcessors (for example: not eligible for auto-proxying)
2019-12-20 18:53:36 [restartedMain] INFO  o.s.c.s.PostProcessorRegistrationDelegate$BeanPostProcessorChecker - Bean 'com.alibaba.druid.spring.boot.autoconfigure.DruidDataSourceAutoConfigure' of type [com.alibaba.druid.spring.boot.autoconfigure.DruidDataSourceAutoConfigure$$EnhancerBySpringCGLIB$$f57a5bca] is not eligible for getting processed by all BeanPostProcessors (for example: not eligible for auto-proxying)
2019-12-20 18:53:36 [restartedMain] INFO  c.a.d.s.b.a.DruidDataSourceAutoConfigure - Init DruidDataSource
2019-12-20 18:53:36 [restartedMain] INFO  o.s.c.s.PostProcessorRegistrationDelegate$BeanPostProcessorChecker - Bean 'spring.datasource-org.springframework.boot.autoconfigure.jdbc.DataSourceProperties' of type [org.springframework.boot.autoconfigure.jdbc.DataSourceProperties] is not eligible for getting processed by all BeanPostProcessors (for example: not eligible for auto-proxying)
2019-12-20 18:53:36 [restartedMain] INFO  o.s.c.s.PostProcessorRegistrationDelegate$BeanPostProcessorChecker - Bean 'com.alibaba.druid.spring.boot.autoconfigure.stat.DruidFilterConfiguration' of type [com.alibaba.druid.spring.boot.autoconfigure.stat.DruidFilterConfiguration] is not eligible for getting processed by all BeanPostProcessors (for example: not eligible for auto-proxying)
2019-12-20 18:53:37 [restartedMain] INFO  o.s.c.s.PostProcessorRegistrationDelegate$BeanPostProcessorChecker - Bean 'statFilter' of type [com.alibaba.druid.filter.stat.StatFilter] is not eligible for getting processed by all BeanPostProcessors (for example: not eligible for auto-proxying)
2019-12-20 18:53:37 [restartedMain] INFO  o.s.c.s.PostProcessorRegistrationDelegate$BeanPostProcessorChecker - Bean 'configFilter' of type [com.alibaba.druid.filter.config.ConfigFilter] is not eligible for getting processed by all BeanPostProcessors (for example: not eligible for auto-proxying)
2019-12-20 18:53:38 [restartedMain] INFO  c.alibaba.druid.pool.DruidDataSource - {dataSource-1} inited
2019-12-20 18:53:38 [restartedMain] INFO  o.s.c.s.PostProcessorRegistrationDelegate$BeanPostProcessorChecker - Bean 'dataSource' of type [com.alibaba.druid.spring.boot.autoconfigure.DruidDataSourceWrapper] is not eligible for getting processed by all BeanPostProcessors (for example: not eligible for auto-proxying)
2019-12-20 18:53:38 [restartedMain] INFO  o.s.c.s.PostProcessorRegistrationDelegate$BeanPostProcessorChecker - Bean 'sqlSessionFactory' of type [org.apache.ibatis.session.defaults.DefaultSqlSessionFactory] is not eligible for getting processed by all BeanPostProcessors (for example: not eligible for auto-proxying)
2019-12-20 18:53:38 [restartedMain] INFO  o.s.c.s.PostProcessorRegistrationDelegate$BeanPostProcessorChecker - Bean 'sqlSessionTemplate' of type [org.mybatis.spring.SqlSessionTemplate] is not eligible for getting processed by all BeanPostProcessors (for example: not eligible for auto-proxying)
2019-12-20 18:53:38 [restartedMain] INFO  o.s.c.s.PostProcessorRegistrationDelegate$BeanPostProcessorChecker - Bean 'userMapper' of type [org.mybatis.spring.mapper.MapperFactoryBean] is not eligible for getting processed by all BeanPostProcessors (for example: not eligible for auto-proxying)
2019-12-20 18:53:38 [restartedMain] INFO  o.s.c.s.PostProcessorRegistrationDelegate$BeanPostProcessorChecker - Bean 'userMapper' of type [com.sun.proxy.$Proxy61] is not eligible for getting processed by all BeanPostProcessors (for example: not eligible for auto-proxying)
2019-12-20 18:53:38 [restartedMain] INFO  o.s.c.s.PostProcessorRegistrationDelegate$BeanPostProcessorChecker - Bean 'messageMapper' of type [org.mybatis.spring.mapper.MapperFactoryBean] is not eligible for getting processed by all BeanPostProcessors (for example: not eligible for auto-proxying)
2019-12-20 18:53:38 [restartedMain] INFO  o.s.c.s.PostProcessorRegistrationDelegate$BeanPostProcessorChecker - Bean 'messageMapper' of type [com.sun.proxy.$Proxy62] is not eligible for getting processed by all BeanPostProcessors (for example: not eligible for auto-proxying)
2019-12-20 18:53:38 [restartedMain] INFO  o.s.c.s.PostProcessorRegistrationDelegate$BeanPostProcessorChecker - Bean 'messageService' of type [com.gousade.service.MessageService] is not eligible for getting processed by all BeanPostProcessors (for example: not eligible for auto-proxying)
2019-12-20 18:53:38 [restartedMain] INFO  o.s.c.s.PostProcessorRegistrationDelegate$BeanPostProcessorChecker - Bean 'userService' of type [com.gousade.service.UserService] is not eligible for getting processed by all BeanPostProcessors (for example: not eligible for auto-proxying)
2019-12-20 18:53:38 [restartedMain] INFO  o.s.c.s.PostProcessorRegistrationDelegate$BeanPostProcessorChecker - Bean 'myShiroRealm' of type [com.gousade.config.ShiroRealm] is not eligible for getting processed by all BeanPostProcessors (for example: not eligible for auto-proxying)
2019-12-20 18:53:38 [restartedMain] INFO  o.s.c.s.PostProcessorRegistrationDelegate$BeanPostProcessorChecker - Bean 'securityManager' of type [org.apache.shiro.web.mgt.DefaultWebSecurityManager] is not eligible for getting processed by all BeanPostProcessors (for example: not eligible for auto-proxying)
2019-12-20 18:53:38 [restartedMain] INFO  o.s.c.s.PostProcessorRegistrationDelegate$BeanPostProcessorChecker - Bean 'org.springframework.transaction.annotation.ProxyTransactionManagementConfiguration' of type [org.springframework.transaction.annotation.ProxyTransactionManagementConfiguration$$EnhancerBySpringCGLIB$$dbce6658] is not eligible for getting processed by all BeanPostProcessors (for example: not eligible for auto-proxying)
2019-12-20 18:53:38 [restartedMain] INFO  o.s.c.s.PostProcessorRegistrationDelegate$BeanPostProcessorChecker - Bean 'authorizationAttributeSourceAdvisor' of type [org.apache.shiro.spring.security.interceptor.AuthorizationAttributeSourceAdvisor] is not eligible for getting processed by all BeanPostProcessors (for example: not eligible for auto-proxying)
2019-12-20 18:53:39 [restartedMain] INFO  o.s.b.w.e.tomcat.TomcatWebServer - Tomcat initialized with port(s): 9998 (http)
2019-12-20 18:53:39 [restartedMain] INFO  o.a.coyote.http11.Http11NioProtocol - Initializing ProtocolHandler ["http-nio-9998"]
2019-12-20 18:53:39 [restartedMain] INFO  o.a.catalina.core.StandardService - Starting service [Tomcat]
2019-12-20 18:53:39 [restartedMain] INFO  o.a.catalina.core.StandardEngine - Starting Servlet Engine: Apache Tomcat/8.5.34
2019-12-20 18:53:39 [localhost-startStop-1] INFO  o.a.c.core.AprLifecycleListener - The APR based Apache Tomcat Native library which allows optimal performance in production environments was not found on the java.library.path: [E:\Program Files\java\bin;C:\Windows\Sun\Java\bin;C:\Windows\system32;C:\Windows;E:/Program Files/java/bin/server;E:/Program Files/java/bin;E:/Program Files/java/lib/amd64;C:\ProgramData\Oracle\Java\javapath;C:\Windows\system32;C:\Windows;C:\Windows\System32\Wbem;C:\Windows\System32\WindowsPowerShell\v1.0\;C:\Program Files (x86)\NVIDIA Corporation\PhysX\Common;G:\è½¯ä»¶\nodejs\;C:\Users\Administrator\AppData\Local\Microsoft\WindowsApps;E:\Program Files\jdk1.8.0_151\bin;G:\mysql-5.7.21-winx64\bin;E:\apache-maven-3.5.4\bin;C:\Users\Administrator\AppData\Roaming\npm;E:\m2\repository;G:\SoftWare\Git\bin;E:\Program Files\Python;E:\Program Files\Python\Scripts;C:\Program Files (x86)\Google\Chrome\Application;C:\adb;C:\Users\Administrator\AppData\Local\Microsoft\WindowsApps;E:\Program Files\jdk1.8.0_151\bin;G:\mysql-5.7.21-winx64\bin;E:\apache-maven-3.5.4\bin;C:\Users\Administrator\AppData\Roaming\npm;E:\m2\repository;G:\SoftWare\Git\bin;E:\Program Files\Python;E:\Program Files\Python\Scripts;C:\Program Files (x86)\Google\Chrome\Application;E:\eclipse-java-photon-R-win32-x86_64\eclipse;;.]
2019-12-20 18:53:39 [localhost-startStop-1] INFO  org.apache.jasper.servlet.TldScanner - At least one JAR was scanned for TLDs yet contained no TLDs. Enable debug logging for this logger for a complete list of JARs that were scanned but no TLDs were found in them. Skipping unneeded JARs during scanning can improve startup time and JSP compilation time.
2019-12-20 18:53:39 [localhost-startStop-1] INFO  o.a.c.c.C.[Tomcat].[localhost].[/] - Initializing Spring embedded WebApplicationContext
2019-12-20 18:53:39 [localhost-startStop-1] INFO  o.s.web.context.ContextLoader - Root WebApplicationContext: initialization completed in 4578 ms
2019-12-20 18:53:39 [localhost-startStop-1] INFO  o.s.b.w.s.ServletRegistrationBean - Servlet dispatcherServlet mapped to [/]
2019-12-20 18:53:39 [localhost-startStop-1] INFO  o.s.b.w.s.ServletRegistrationBean - Servlet statViewServlet mapped to [/druid/*]
2019-12-20 18:53:39 [localhost-startStop-1] INFO  o.s.b.w.s.FilterRegistrationBean - Mapping filter: 'characterEncodingFilter' to: [/*]
2019-12-20 18:53:39 [localhost-startStop-1] INFO  o.s.b.w.s.FilterRegistrationBean - Mapping filter: 'hiddenHttpMethodFilter' to: [/*]
2019-12-20 18:53:39 [localhost-startStop-1] INFO  o.s.b.w.s.FilterRegistrationBean - Mapping filter: 'httpPutFormContentFilter' to: [/*]
2019-12-20 18:53:39 [localhost-startStop-1] INFO  o.s.b.w.s.FilterRegistrationBean - Mapping filter: 'requestContextFilter' to: [/*]
2019-12-20 18:53:39 [localhost-startStop-1] INFO  o.s.b.w.s.FilterRegistrationBean - Mapping filter: 'webStatFilter' to urls: [/*]
2019-12-20 18:53:39 [localhost-startStop-1] INFO  o.s.b.w.s.FilterRegistrationBean - Mapping filter: 'shirFilter' to: [/*]
2019-12-20 18:53:40 [restartedMain] INFO  o.s.w.s.h.SimpleUrlHandlerMapping - Mapped URL path [/**/favicon.ico] onto handler of type [class org.springframework.web.servlet.resource.ResourceHttpRequestHandler]
2019-12-20 18:53:40 [restartedMain] INFO  o.s.w.s.m.m.a.RequestMappingHandlerAdapter - Looking for @ControllerAdvice: org.springframework.boot.web.servlet.context.AnnotationConfigServletWebServerApplicationContext@cf2d21e: startup date [Fri Dec 20 18:53:35 CST 2019]; root of context hierarchy
2019-12-20 18:53:40 [restartedMain] INFO  o.s.w.s.m.m.a.RequestMappingHandlerMapping - Mapped "{[/querywordslist],methods=[POST]}" onto public java.util.Map<java.lang.String, java.lang.Object> com.gousade.controller.AnalysisController.querywordslist(java.lang.String,java.lang.String,javax.servlet.http.HttpServletRequest)
2019-12-20 18:53:40 [restartedMain] INFO  o.s.w.s.m.m.a.RequestMappingHandlerMapping - Mapped "{[/selectwordslist],methods=[POST]}" onto public java.util.Map<java.lang.String, java.lang.Object> com.gousade.controller.AnalysisController.selectwordslist(java.lang.String,java.lang.String,javax.servlet.http.HttpServletRequest)
2019-12-20 18:53:40 [restartedMain] INFO  o.s.w.s.m.m.a.RequestMappingHandlerMapping - Mapped "{[/insertwords],methods=[POST]}" onto public java.util.Map<java.lang.String, java.lang.Object> com.gousade.controller.AnalysisController.insertwords(java.util.Map<java.lang.String, java.lang.Object>)
2019-12-20 18:53:40 [restartedMain] INFO  o.s.w.s.m.m.a.RequestMappingHandlerMapping - Mapped "{[/updatewords],methods=[POST]}" onto public java.util.Map<java.lang.String, java.lang.Object> com.gousade.controller.AnalysisController.updatewords(java.util.Map<java.lang.String, java.lang.Object>)
2019-12-20 18:53:40 [restartedMain] INFO  o.s.w.s.m.m.a.RequestMappingHandlerMapping - Mapped "{[/delwords],methods=[POST]}" onto public java.util.Map<java.lang.String, java.lang.Object> com.gousade.controller.AnalysisController.delwords(java.util.Map<java.lang.String, java.lang.Object>)
2019-12-20 18:53:40 [restartedMain] INFO  o.s.w.s.m.m.a.RequestMappingHandlerMapping - Mapped "{[/querycomments],methods=[POST]}" onto public java.util.List<java.util.Map<java.lang.String, java.lang.Object>> com.gousade.controller.AnalysisController.querycomments(java.util.Map<java.lang.String, java.lang.Object>)
2019-12-20 18:53:40 [restartedMain] INFO  o.s.w.s.m.m.a.RequestMappingHandlerMapping - Mapped "{[/expertwords],methods=[POST]}" onto public java.util.Map<java.lang.String, java.lang.Object> com.gousade.controller.AnalysisController.expertwords(javax.servlet.http.HttpServletResponse,java.util.Map<java.lang.String, java.lang.Object>) throws java.io.IOException
2019-12-20 18:53:40 [restartedMain] INFO  o.s.w.s.m.m.a.RequestMappingHandlerMapping - Mapped "{[/main]}" onto public java.lang.String com.gousade.controller.ManageController.main()
2019-12-20 18:53:40 [restartedMain] INFO  o.s.w.s.m.m.a.RequestMappingHandlerMapping - Mapped "{[/user/{pageName}]}" onto public java.lang.String com.gousade.controller.ManageController.showuserlist(java.lang.String)
2019-12-20 18:53:40 [restartedMain] INFO  o.s.w.s.m.m.a.RequestMappingHandlerMapping - Mapped "{[/]}" onto public java.lang.String com.gousade.controller.ManageController.showIndex()
2019-12-20 18:53:40 [restartedMain] INFO  o.s.w.s.m.m.a.RequestMappingHandlerMapping - Mapped "{[/login]}" onto public java.lang.String com.gousade.controller.ManageController.login(javax.servlet.http.HttpServletRequest)
2019-12-20 18:53:40 [restartedMain] INFO  o.s.w.s.m.m.a.RequestMappingHandlerMapping - Mapped "{[/{pageName}]}" onto public java.lang.String com.gousade.controller.ManageController.toPage(java.lang.String,javax.servlet.http.HttpServletRequest,javax.servlet.http.HttpServletResponse)
2019-12-20 18:53:40 [restartedMain] INFO  o.s.w.s.m.m.a.RequestMappingHandlerMapping - Mapped "{[/findMessageList]}" onto public java.lang.String com.gousade.controller.MessageController.findMessageList(java.lang.String,org.springframework.ui.Model)
2019-12-20 18:53:40 [restartedMain] INFO  o.s.w.s.m.m.a.RequestMappingHandlerMapping - Mapped "{[/showMessage]}" onto public java.lang.String com.gousade.controller.MessageController.updateMessage(java.lang.String,java.lang.String,org.springframework.ui.Model)
2019-12-20 18:53:40 [restartedMain] INFO  o.s.w.s.m.m.a.RequestMappingHandlerMapping - Mapped "{[/setEndRule]}" onto public java.lang.String com.gousade.controller.Mid_TermController.setEndRule(com.gousade.pojo.Declaration,org.springframework.ui.Model)
2019-12-20 18:53:40 [restartedMain] INFO  o.s.w.s.m.m.a.RequestMappingHandlerMapping - Mapped "{[/toMidList]}" onto public java.lang.String com.gousade.controller.Mid_TermController.toMidReview(org.springframework.ui.Model)
2019-12-20 18:53:40 [restartedMain] INFO  o.s.w.s.m.m.a.RequestMappingHandlerMapping - Mapped "{[/setMidRule]}" onto public java.lang.String com.gousade.controller.Mid_TermController.setMidRule(com.gousade.pojo.Declaration,org.springframework.ui.Model)
2019-12-20 18:53:40 [restartedMain] INFO  o.s.w.s.m.m.a.RequestMappingHandlerMapping - Mapped "{[/toMid_upload]}" onto public java.lang.String com.gousade.controller.Mid_TermController.toMidUpload(org.springframework.ui.Model)
2019-12-20 18:53:40 [restartedMain] INFO  o.s.w.s.m.m.a.RequestMappingHandlerMapping - Mapped "{[/toDeclare_upload]}" onto public java.lang.String com.gousade.controller.Mid_TermController.declare_upload(org.springframework.web.multipart.MultipartFile,javax.servlet.http.HttpServletRequest,org.springframework.ui.Model)
2019-12-20 18:53:40 [restartedMain] INFO  o.s.w.s.m.m.a.RequestMappingHandlerMapping - Mapped "{[/midReview]}" onto public java.lang.String com.gousade.controller.Mid_TermController.midReview(java.lang.String,int,java.lang.String,org.springframework.ui.Model)
2019-12-20 18:53:40 [restartedMain] INFO  o.s.w.s.m.m.a.RequestMappingHandlerMapping - Mapped "{[/toMid_Review]}" onto public java.lang.String com.gousade.controller.Mid_TermController.midReview(java.lang.String,org.springframework.ui.Model)
2019-12-20 18:53:40 [restartedMain] INFO  o.s.w.s.m.m.a.RequestMappingHandlerMapping - Mapped "{[/toEnd_upload]}" onto public java.lang.String com.gousade.controller.Mid_TermController.toEndUpload(org.springframework.ui.Model)
2019-12-20 18:53:40 [restartedMain] INFO  o.s.w.s.m.m.a.RequestMappingHandlerMapping - Mapped "{[/midUpload]}" onto public java.lang.String com.gousade.controller.Mid_TermController.midUpload(org.springframework.web.multipart.MultipartFile,javax.servlet.http.HttpServletRequest,org.springframework.ui.Model)
2019-12-20 18:53:40 [restartedMain] INFO  o.s.w.s.m.m.a.RequestMappingHandlerMapping - Mapped "{[/toEndList]}" onto public java.lang.String com.gousade.controller.Mid_TermController.toEndReview(org.springframework.ui.Model)
2019-12-20 18:53:40 [restartedMain] INFO  o.s.w.s.m.m.a.RequestMappingHandlerMapping - Mapped "{[/endUpload]}" onto public java.lang.String com.gousade.controller.Mid_TermController.endUpload(org.springframework.web.multipart.MultipartFile,javax.servlet.http.HttpServletRequest,org.springframework.ui.Model)
2019-12-20 18:53:40 [restartedMain] INFO  o.s.w.s.m.m.a.RequestMappingHandlerMapping - Mapped "{[/toEnd_Review]}" onto public java.lang.String com.gousade.controller.Mid_TermController.endReview(java.lang.String,org.springframework.ui.Model)
2019-12-20 18:53:40 [restartedMain] INFO  o.s.w.s.m.m.a.RequestMappingHandlerMapping - Mapped "{[/endReview]}" onto public java.lang.String com.gousade.controller.Mid_TermController.endReview(java.lang.String,int,java.lang.String,org.springframework.ui.Model)
2019-12-20 18:53:40 [restartedMain] INFO  o.s.w.s.m.m.a.RequestMappingHandlerMapping - Mapped "{[/querymenulist],methods=[POST]}" onto public java.util.List<java.util.Map<java.lang.String, java.lang.Object>> com.gousade.controller.OldroleController.querymenulist(java.util.Map<java.lang.String, java.lang.Object>)
2019-12-20 18:53:40 [restartedMain] INFO  o.s.w.s.m.m.a.RequestMappingHandlerMapping - Mapped "{[/delmenus],methods=[POST]}" onto public java.util.Map<java.lang.String, java.lang.Object> com.gousade.controller.OldroleController.delmenus(java.util.Map<java.lang.String, java.lang.Object>)
2019-12-20 18:53:40 [restartedMain] INFO  o.s.w.s.m.m.a.RequestMappingHandlerMapping - Mapped "{[/testrolelist],methods=[POST]}" onto public java.util.List<com.gousade.pojo.Oldrole> com.gousade.controller.OldroleController.testrolelist(java.util.Map<java.lang.String, java.lang.Object>)
2019-12-20 18:53:40 [restartedMain] INFO  o.s.w.s.m.m.a.RequestMappingHandlerMapping - Mapped "{[/updaterole],methods=[POST]}" onto public java.util.Map<java.lang.String, java.lang.Object> com.gousade.controller.OldroleController.updateuser(java.util.Map<java.lang.String, java.lang.Object>)
2019-12-20 18:53:40 [restartedMain] INFO  o.s.w.s.m.m.a.RequestMappingHandlerMapping - Mapped "{[/queryrolelist],methods=[POST]}" onto public java.util.List<java.util.Map<java.lang.String, java.lang.Object>> com.gousade.controller.OldroleController.queryuserlist(java.util.Map<java.lang.String, java.lang.Object>)
2019-12-20 18:53:40 [restartedMain] INFO  o.s.w.s.m.m.a.RequestMappingHandlerMapping - Mapped "{[/delroles],methods=[POST]}" onto public java.util.Map<java.lang.String, java.lang.Object> com.gousade.controller.OldroleController.delroles(java.util.Map<java.lang.String, java.lang.Object>)
2019-12-20 18:53:40 [restartedMain] INFO  o.s.w.s.m.m.a.RequestMappingHandlerMapping - Mapped "{[/updatemenu],methods=[POST]}" onto public java.util.Map<java.lang.String, java.lang.Object> com.gousade.controller.OldroleController.updatemenu(java.util.Map<java.lang.String, java.lang.Object>)
2019-12-20 18:53:40 [restartedMain] INFO  o.s.w.s.m.m.a.RequestMappingHandlerMapping - Mapped "{[/insertrole],methods=[POST]}" onto public java.util.Map<java.lang.String, java.lang.Object> com.gousade.controller.OldroleController.insertrole(java.util.Map<java.lang.String, java.lang.Object>)
2019-12-20 18:53:40 [restartedMain] INFO  o.s.w.s.m.m.a.RequestMappingHandlerMapping - Mapped "{[/selectResourceList],methods=[POST]}" onto public java.util.List<com.gousade.pojo.Resource> com.gousade.controller.ResourceController.selectResourceList()
2019-12-20 18:53:40 [restartedMain] INFO  o.s.w.s.m.m.a.RequestMappingHandlerMapping - Mapped "{[/selectAllTree],methods=[POST]}" onto public java.util.List<com.gousade.pojo.Tree> com.gousade.controller.ResourceController.selectAllTree()
2019-12-20 18:53:40 [restartedMain] INFO  o.s.w.s.m.m.a.RequestMappingHandlerMapping - Mapped "{[/toLogin]}" onto public org.springframework.web.servlet.ModelAndView com.gousade.controller.UserController.toLogin(java.lang.String,java.lang.String,org.springframework.ui.Model,javax.servlet.http.HttpServletRequest)
2019-12-20 18:53:40 [restartedMain] INFO  o.s.w.s.m.m.a.RequestMappingHandlerMapping - Mapped "{[/updateuser],methods=[POST]}" onto public java.util.Map<java.lang.String, java.lang.Object> com.gousade.controller.UserController.updateuser(java.util.Map<java.lang.String, java.lang.Object>)
2019-12-20 18:53:40 [restartedMain] INFO  o.s.w.s.m.m.a.RequestMappingHandlerMapping - Mapped "{[/queryuserlist],methods=[POST]}" onto public java.util.Map<java.lang.String, java.lang.Object> com.gousade.controller.UserController.queryuserlist(java.lang.String,java.lang.String,javax.servlet.http.HttpServletRequest)
2019-12-20 18:53:40 [restartedMain] INFO  o.s.w.s.m.m.a.RequestMappingHandlerMapping - Mapped "{[/ShiroRegist],methods=[POST]}" onto public java.util.Map<java.lang.String, java.lang.Object> com.gousade.controller.UserController.ShiroRegist(java.util.Map<java.lang.String, java.lang.Object>)
2019-12-20 18:53:40 [restartedMain] INFO  o.s.w.s.m.m.a.RequestMappingHandlerMapping - Mapped "{[/regist],methods=[POST]}" onto public java.util.Map<java.lang.String, java.lang.Object> com.gousade.controller.UserController.regist(java.util.Map<java.lang.String, java.lang.Object>)
2019-12-20 18:53:40 [restartedMain] INFO  o.s.w.s.m.m.a.RequestMappingHandlerMapping - Mapped "{[/listAdminMenu],methods=[POST]}" onto public java.util.List<com.gousade.pojo.Menu> com.gousade.controller.UserController.listAdminMenu(java.util.Map<java.lang.String, java.lang.Object>)
2019-12-20 18:53:40 [restartedMain] INFO  o.s.w.s.m.m.a.RequestMappingHandlerMapping - Mapped "{[/insertuser],methods=[POST]}" onto public java.util.Map<java.lang.String, java.lang.Object> com.gousade.controller.UserController.insertuser(java.util.Map<java.lang.String, java.lang.Object>)
2019-12-20 18:53:40 [restartedMain] INFO  o.s.w.s.m.m.a.RequestMappingHandlerMapping - Mapped "{[/logout],methods=[GET || POST]}" onto public java.lang.Object com.gousade.controller.UserController.logout(javax.servlet.http.HttpSession,javax.servlet.http.HttpServletRequest,javax.servlet.http.HttpServletResponse)
2019-12-20 18:53:40 [restartedMain] INFO  o.s.w.s.m.m.a.RequestMappingHandlerMapping - Mapped "{[/delusers],methods=[POST]}" onto public java.util.Map<java.lang.String, java.lang.Object> com.gousade.controller.UserController.delusers(java.util.Map<java.lang.String, java.lang.Object>)
2019-12-20 18:53:40 [restartedMain] INFO  o.s.w.s.m.m.a.RequestMappingHandlerMapping - Mapped "{[/loginShiroUser],methods=[POST]}" onto public org.springframework.web.servlet.ModelAndView com.gousade.controller.UserController.loginShiroUser(java.lang.String,java.lang.String,org.springframework.ui.Model,javax.servlet.http.HttpServletRequest)
2019-12-20 18:53:40 [restartedMain] INFO  o.s.w.s.m.m.a.RequestMappingHandlerMapping - Mapped "{[/resetpsd],methods=[POST]}" onto public java.util.Map<java.lang.String, java.lang.Object> com.gousade.controller.UserController.resetpsd(java.util.Map<java.lang.String, java.lang.Object>)
2019-12-20 18:53:40 [restartedMain] INFO  o.s.w.s.m.m.a.RequestMappingHandlerMapping - Mapped "{[/declare],methods=[POST]}" onto public java.lang.String com.gousade.controller.UserController.declare(java.util.Map<java.lang.String, java.lang.String>)
2019-12-20 18:53:40 [restartedMain] INFO  o.s.w.s.m.m.a.RequestMappingHandlerMapping - Mapped "{[/dopassbyid],methods=[POST]}" onto public java.util.Map<java.lang.String, java.lang.Object> com.gousade.controller.UserController.dopassbyid(java.util.Map<java.lang.String, java.lang.Object>)
2019-12-20 18:53:40 [restartedMain] INFO  o.s.w.s.m.m.a.RequestMappingHandlerMapping - Mapped "{[/getcode],methods=[POST]}" onto public java.util.Map<java.lang.String, java.lang.Object> com.gousade.controller.UserController.getcode(java.util.Map<java.lang.String, java.lang.Object>)
2019-12-20 18:53:40 [restartedMain] INFO  o.s.w.s.m.m.a.RequestMappingHandlerMapping - Mapped "{[/setrule],methods=[POST]}" onto public java.lang.String com.gousade.controller.UserController.setrule(java.util.Map<java.lang.String, java.lang.String>)
2019-12-20 18:53:40 [restartedMain] INFO  o.s.w.s.m.m.a.RequestMappingHandlerMapping - Mapped "{[/queryprojlist],methods=[POST]}" onto public java.util.List<java.util.Map<java.lang.String, java.lang.Object>> com.gousade.controller.UserController.queryprojlist(java.util.Map<java.lang.String, java.lang.Object>)
2019-12-20 18:53:40 [restartedMain] INFO  o.s.w.s.m.m.a.RequestMappingHandlerMapping - Mapped "{[/firstpassbyid],methods=[POST]}" onto public java.util.Map<java.lang.String, java.lang.Object> com.gousade.controller.UserController.firstpassbyid(java.util.Map<java.lang.String, java.lang.Object>)
2019-12-20 18:53:40 [restartedMain] INFO  o.s.w.s.m.m.a.RequestMappingHandlerMapping - Mapped "{[/savegrading],methods=[POST]}" onto public java.util.Map<java.lang.String, java.lang.Object> com.gousade.controller.UserController.savegrading(java.util.Map<java.lang.String, java.lang.Object>)
2019-12-20 18:53:40 [restartedMain] INFO  o.s.w.s.m.m.a.RequestMappingHandlerMapping - Mapped "{[/assignexperts],methods=[POST]}" onto public java.util.Map<java.lang.String, java.lang.Object> com.gousade.controller.UserController.assignexperts(java.util.Map<java.lang.String, java.lang.Object>)
2019-12-20 18:53:40 [restartedMain] INFO  o.s.w.s.m.m.a.RequestMappingHandlerMapping - Mapped "{[/cleanpsd],methods=[POST]}" onto public java.util.Map<java.lang.String, java.lang.Object> com.gousade.controller.UserController.cleanpsd(java.util.Map<java.lang.String, java.lang.Object>)
2019-12-20 18:53:40 [restartedMain] INFO  o.s.w.s.m.m.a.RequestMappingHandlerMapping - Mapped "{[/error]}" onto public org.springframework.http.ResponseEntity<java.util.Map<java.lang.String, java.lang.Object>> org.springframework.boot.autoconfigure.web.servlet.error.BasicErrorController.error(javax.servlet.http.HttpServletRequest)
2019-12-20 18:53:40 [restartedMain] INFO  o.s.w.s.m.m.a.RequestMappingHandlerMapping - Mapped "{[/error],produces=[text/html]}" onto public org.springframework.web.servlet.ModelAndView org.springframework.boot.autoconfigure.web.servlet.error.BasicErrorController.errorHtml(javax.servlet.http.HttpServletRequest,javax.servlet.http.HttpServletResponse)
2019-12-20 18:53:40 [restartedMain] INFO  o.s.w.s.h.SimpleUrlHandlerMapping - Mapped URL path [/webjars/**] onto handler of type [class org.springframework.web.servlet.resource.ResourceHttpRequestHandler]
2019-12-20 18:53:40 [restartedMain] INFO  o.s.w.s.h.SimpleUrlHandlerMapping - Mapped URL path [/**] onto handler of type [class org.springframework.web.servlet.resource.ResourceHttpRequestHandler]
2019-12-20 18:53:40 [restartedMain] INFO  o.s.w.s.m.m.a.ExceptionHandlerExceptionResolver - Detected @ExceptionHandler methods in noPermissionException
2019-12-20 18:53:40 [restartedMain] INFO  o.s.b.a.w.s.WelcomePageHandlerMapping - Adding welcome page template: index
2019-12-20 18:53:41 [restartedMain] INFO  o.s.u.f.SpringTemplateLoader - SpringTemplateLoader for FreeMarker: using resource loader [org.springframework.boot.web.servlet.context.AnnotationConfigServletWebServerApplicationContext@cf2d21e: startup date [Fri Dec 20 18:53:35 CST 2019]; root of context hierarchy] and template loader path [classpath:/templates/]
2019-12-20 18:53:41 [restartedMain] INFO  o.s.w.s.v.f.FreeMarkerConfigurer - ClassTemplateLoader for Spring macros added to FreeMarker configuration
2019-12-20 18:53:41 [restartedMain] WARN  o.s.b.a.f.FreeMarkerAutoConfiguration - Cannot find template location(s): [classpath:/templates/] (please add some templates, check your FreeMarker configuration, or set spring.freemarker.checkTemplateLocation=false)
2019-12-20 18:53:41 [restartedMain] INFO  o.s.b.d.a.OptionalLiveReloadServer - LiveReload server is running on port 35729
2019-12-20 18:53:41 [restartedMain] INFO  o.s.j.e.a.AnnotationMBeanExporter - Registering beans for JMX exposure on startup
2019-12-20 18:53:41 [restartedMain] INFO  o.s.j.e.a.AnnotationMBeanExporter - Bean with name 'statFilter' has been autodetected for JMX exposure
2019-12-20 18:53:41 [restartedMain] INFO  o.s.j.e.a.AnnotationMBeanExporter - Bean with name 'dataSource' has been autodetected for JMX exposure
2019-12-20 18:53:41 [restartedMain] INFO  o.s.j.e.a.AnnotationMBeanExporter - Located MBean 'dataSource': registering with JMX server as MBean [com.alibaba.druid.spring.boot.autoconfigure:name=dataSource,type=DruidDataSourceWrapper]
2019-12-20 18:53:41 [restartedMain] INFO  o.s.j.e.a.AnnotationMBeanExporter - Located MBean 'statFilter': registering with JMX server as MBean [com.alibaba.druid.filter.stat:name=statFilter,type=StatFilter]
2019-12-20 18:53:41 [restartedMain] INFO  o.a.coyote.http11.Http11NioProtocol - Starting ProtocolHandler ["http-nio-9998"]
2019-12-20 18:53:41 [restartedMain] INFO  o.a.tomcat.util.net.NioSelectorPool - Using a shared selector for servlet write/read
2019-12-20 18:53:41 [restartedMain] INFO  o.s.b.w.e.tomcat.TomcatWebServer - Tomcat started on port(s): 9998 (http) with context path ''
2019-12-20 18:53:41 [restartedMain] INFO  com.gousade.StarterManage - Started StarterManage in 7.418 seconds (JVM running for 10.563)
2019-12-20 18:53:48 [http-nio-9998-exec-1] INFO  o.a.c.c.C.[Tomcat].[localhost].[/] - Initializing Spring FrameworkServlet 'dispatcherServlet'
2019-12-20 18:53:48 [http-nio-9998-exec-1] INFO  o.s.web.servlet.DispatcherServlet - FrameworkServlet 'dispatcherServlet': initialization started
2019-12-20 18:53:49 [http-nio-9998-exec-1] INFO  o.s.web.servlet.DispatcherServlet - FrameworkServlet 'dispatcherServlet': initialization completed in 30 ms
2019-12-20 18:53:51 [http-nio-9998-exec-8] DEBUG c.g.m.U.SelectUserByLoginName - ==>  Preparing: select * from user where user_id=? 
2019-12-20 18:53:51 [http-nio-9998-exec-8] DEBUG c.g.m.U.SelectUserByLoginName - ==> Parameters: useradmin(String)
2019-12-20 18:53:51 [http-nio-9998-exec-8] DEBUG c.g.m.U.SelectUserByLoginName - <==      Total: 1
2019-12-20 18:53:51 [http-nio-9998-exec-7] DEBUG c.g.m.UserMapper.updateLoginTime - ==>  Preparing: update user set lastlogintime=now() where user_id=? and delflag=0 
2019-12-20 18:53:51 [http-nio-9998-exec-7] DEBUG c.g.m.UserMapper.updateLoginTime - ==> Parameters: useradmin(String)
2019-12-20 18:53:51 [http-nio-9998-exec-7] DEBUG c.g.m.UserMapper.updateLoginTime - <==    Updates: 1
2019-12-20 18:53:52 [http-nio-9998-exec-5] DEBUG c.g.mapper.UserMapper.getroleidByuid - ==>  Preparing: select role_id roleid from user where user_id=? 
2019-12-20 18:53:52 [http-nio-9998-exec-5] DEBUG c.g.mapper.UserMapper.getroleidByuid - ==> Parameters: useradmin(String)
2019-12-20 18:53:52 [http-nio-9998-exec-5] DEBUG c.g.mapper.UserMapper.getroleidByuid - <==      Total: 1
2019-12-20 18:53:52 [http-nio-9998-exec-5] DEBUG c.g.m.UserMapper.listMenuByRoleId - ==>  Preparing: select menu.* from role_menu, menu where role_menu.role_id = ? and role_menu.menu_id = menu.id and menu.state='1' 
2019-12-20 18:53:52 [http-nio-9998-exec-5] DEBUG c.g.m.UserMapper.listMenuByRoleId - ==> Parameters: 1(String)
2019-12-20 18:53:52 [http-nio-9998-exec-5] DEBUG c.g.m.UserMapper.listMenuByRoleId - <==      Total: 12
2019-12-20 18:53:55 [http-nio-9998-exec-8] DEBUG c.g.mapper.UserMapper.queryuserlist - ==>  Preparing: select user_id,password,user_name,state, DATE_FORMAT(created, '%Y-%m-%d %H:%i:%S') created, DATE_FORMAT(updated, '%Y-%m-%d %H:%i:%S') updated, remark,role_id from user limit ?,? 
2019-12-20 18:53:55 [http-nio-9998-exec-8] DEBUG c.g.mapper.UserMapper.queryuserlist - ==> Parameters: 0(Integer), 10(Integer)
2019-12-20 18:53:55 [http-nio-9998-exec-8] DEBUG c.g.mapper.UserMapper.queryuserlist - <==      Total: 7
2019-12-20 18:53:55 [http-nio-9998-exec-8] DEBUG c.g.m.UserMapper.queryuserlistcnt - ==>  Preparing: select count(*) from user where 1=1 
2019-12-20 18:53:55 [http-nio-9998-exec-8] DEBUG c.g.m.UserMapper.queryuserlistcnt - ==> Parameters: 
2019-12-20 18:53:55 [http-nio-9998-exec-8] DEBUG c.g.m.UserMapper.queryuserlistcnt - <==      Total: 1
2019-12-20 18:53:58 [http-nio-9998-exec-9] DEBUG c.g.m.R.selectResourceList - ==>  Preparing: select id, pid, name, url, icon, remarks, status, create_time, update_time, delflag from resource t where t.delflag=0 
2019-12-20 18:53:58 [http-nio-9998-exec-9] DEBUG c.g.m.R.selectResourceList - ==> Parameters: 
2019-12-20 18:53:58 [http-nio-9998-exec-9] DEBUG c.g.m.R.selectResourceList - <==      Total: 10
2019-12-20 18:53:58 [http-nio-9998-exec-9] DEBUG c.g.m.R.selectResourceList - ==>  Preparing: select id, pid, name, url, icon, remarks, status, create_time, update_time, delflag from resource t where t.delflag=0 
2019-12-20 18:53:58 [http-nio-9998-exec-9] DEBUG c.g.m.R.selectResourceList - ==> Parameters: 
2019-12-20 18:53:58 [http-nio-9998-exec-9] DEBUG c.g.m.R.selectResourceList - <==      Total: 10
2019-12-20 18:54:06 [RMI TCP Connection(2)-127.0.0.1] INFO  o.s.b.a.SpringApplicationAdminMXBeanRegistrar$SpringApplicationAdmin - Application shutdown requested.
2019-12-20 18:54:06 [RMI TCP Connection(2)-127.0.0.1] INFO  o.s.b.w.s.c.AnnotationConfigServletWebServerApplicationContext - Closing org.springframework.boot.web.servlet.context.AnnotationConfigServletWebServerApplicationContext@cf2d21e: startup date [Fri Dec 20 18:53:35 CST 2019]; root of context hierarchy
2019-12-20 18:54:06 [RMI TCP Connection(2)-127.0.0.1] INFO  o.s.j.e.a.AnnotationMBeanExporter - Unregistering JMX-exposed beans on shutdown
2019-12-20 18:54:06 [RMI TCP Connection(2)-127.0.0.1] INFO  o.s.j.e.a.AnnotationMBeanExporter - Unregistering JMX-exposed beans
2019-12-20 18:54:06 [RMI TCP Connection(2)-127.0.0.1] INFO  c.alibaba.druid.pool.DruidDataSource - {dataSource-1} closed
2019-12-20 18:56:52 [main] INFO  o.s.d.r.c.RepositoryConfigurationDelegate - Multiple Spring Data modules found, entering strict repository configuration mode!
2019-12-20 18:56:53 [main] INFO  c.a.d.s.b.a.DruidDataSourceAutoConfigure - Init DruidDataSource
2019-12-20 18:56:54 [main] INFO  c.alibaba.druid.pool.DruidDataSource - {dataSource-1} inited
2019-12-20 18:57:39 [http-nio-8080-exec-4] DEBUG c.g.m.U.SelectUserByLoginName - ==>  Preparing: select * from user where user_id=? 
2019-12-20 18:57:39 [http-nio-8080-exec-4] DEBUG c.g.m.U.SelectUserByLoginName - ==> Parameters: useradmin(String)
2019-12-20 18:57:39 [http-nio-8080-exec-4] DEBUG c.g.m.U.SelectUserByLoginName - <==      Total: 1
2019-12-20 18:57:39 [http-nio-8080-exec-6] DEBUG c.g.m.UserMapper.updateLoginTime - ==>  Preparing: update user set lastlogintime=now() where user_id=? and delflag=0 
2019-12-20 18:57:39 [http-nio-8080-exec-6] DEBUG c.g.m.UserMapper.updateLoginTime - ==> Parameters: useradmin(String)
2019-12-20 18:57:39 [http-nio-8080-exec-6] DEBUG c.g.m.UserMapper.updateLoginTime - <==    Updates: 1
2019-12-20 18:57:41 [http-nio-8080-exec-6] DEBUG c.g.mapper.UserMapper.getroleidByuid - ==>  Preparing: select role_id roleid from user where user_id=? 
2019-12-20 18:57:41 [http-nio-8080-exec-6] DEBUG c.g.mapper.UserMapper.getroleidByuid - ==> Parameters: useradmin(String)
2019-12-20 18:57:41 [http-nio-8080-exec-6] DEBUG c.g.mapper.UserMapper.getroleidByuid - <==      Total: 1
2019-12-20 18:57:41 [http-nio-8080-exec-6] DEBUG c.g.m.UserMapper.listMenuByRoleId - ==>  Preparing: select menu.* from role_menu, menu where role_menu.role_id = ? and role_menu.menu_id = menu.id and menu.state='1' 
2019-12-20 18:57:41 [http-nio-8080-exec-6] DEBUG c.g.m.UserMapper.listMenuByRoleId - ==> Parameters: 1(String)
2019-12-20 18:57:41 [http-nio-8080-exec-6] DEBUG c.g.m.UserMapper.listMenuByRoleId - <==      Total: 12
1112019-12-20 19:00:52 [main] INFO  o.s.d.r.c.RepositoryConfigurationDelegate - Multiple Spring Data modules found, entering strict repository configuration mode!
2019-12-20 19:00:53 [main] INFO  c.a.d.s.b.a.DruidDataSourceAutoConfigure - Init DruidDataSource
2019-12-20 19:00:54 [main] INFO  c.alibaba.druid.pool.DruidDataSource - {dataSource-1} inited
2019-12-20 19:01:18 [http-nio-8080-exec-3] DEBUG c.g.m.U.SelectUserByLoginName - ==>  Preparing: select * from user where user_id=? 
2019-12-20 19:01:19 [http-nio-8080-exec-3] DEBUG c.g.m.U.SelectUserByLoginName - ==> Parameters: useradmin(String)
2019-12-20 19:01:19 [http-nio-8080-exec-3] DEBUG c.g.m.U.SelectUserByLoginName - <==      Total: 1
2019-12-20 19:01:19 [http-nio-8080-exec-4] DEBUG c.g.m.UserMapper.updateLoginTime - ==>  Preparing: update user set lastlogintime=now() where user_id=? and delflag=0 
2019-12-20 19:01:19 [http-nio-8080-exec-4] DEBUG c.g.m.UserMapper.updateLoginTime - ==> Parameters: useradmin(String)
2019-12-20 19:01:19 [http-nio-8080-exec-4] DEBUG c.g.m.UserMapper.updateLoginTime - <==    Updates: 1
2019-12-20 19:01:19 [http-nio-8080-exec-6] DEBUG c.g.mapper.UserMapper.getroleidByuid - ==>  Preparing: select role_id roleid from user where user_id=? 
2019-12-20 19:01:19 [http-nio-8080-exec-6] DEBUG c.g.mapper.UserMapper.getroleidByuid - ==> Parameters: useradmin(String)
2019-12-20 19:01:19 [http-nio-8080-exec-6] DEBUG c.g.mapper.UserMapper.getroleidByuid - <==      Total: 1
2019-12-20 19:01:19 [http-nio-8080-exec-6] DEBUG c.g.m.UserMapper.listMenuByRoleId - ==>  Preparing: select menu.* from role_menu, menu where role_menu.role_id = ? and role_menu.menu_id = menu.id and menu.state='1' 
2019-12-20 19:01:19 [http-nio-8080-exec-6] DEBUG c.g.m.UserMapper.listMenuByRoleId - ==> Parameters: 1(String)
2019-12-20 19:01:19 [http-nio-8080-exec-6] DEBUG c.g.m.UserMapper.listMenuByRoleId - <==      Total: 12
2019-12-20 19:01:21 [http-nio-8080-exec-5] DEBUG c.g.mapper.UserMapper.queryuserlist - ==>  Preparing: select user_id,password,user_name,state, DATE_FORMAT(created, '%Y-%m-%d %H:%i:%S') created, DATE_FORMAT(updated, '%Y-%m-%d %H:%i:%S') updated, remark,role_id from user limit ?,? 
2019-12-20 19:01:21 [http-nio-8080-exec-5] DEBUG c.g.mapper.UserMapper.queryuserlist - ==> Parameters: 0(Integer), 10(Integer)
2019-12-20 19:01:21 [http-nio-8080-exec-5] DEBUG c.g.mapper.UserMapper.queryuserlist - <==      Total: 7
2019-12-20 19:01:21 [http-nio-8080-exec-5] DEBUG c.g.m.UserMapper.queryuserlistcnt - ==>  Preparing: select count(*) from user where 1=1 
2019-12-20 19:01:21 [http-nio-8080-exec-5] DEBUG c.g.m.UserMapper.queryuserlistcnt - ==> Parameters: 
2019-12-20 19:01:21 [http-nio-8080-exec-5] DEBUG c.g.m.UserMapper.queryuserlistcnt - <==      Total: 1
2019-12-20 19:01:26 [http-nio-8080-exec-3] DEBUG c.g.m.R.selectResourceList - ==>  Preparing: select id, pid, name, url, icon, remarks, status, create_time, update_time, delflag from resource t where t.delflag=0 
2019-12-20 19:01:26 [http-nio-8080-exec-3] DEBUG c.g.m.R.selectResourceList - ==> Parameters: 
2019-12-20 19:01:26 [http-nio-8080-exec-3] DEBUG c.g.m.R.selectResourceList - <==      Total: 10
2019-12-20 19:01:26 [http-nio-8080-exec-3] DEBUG c.g.m.R.selectResourceList - ==>  Preparing: select id, pid, name, url, icon, remarks, status, create_time, update_time, delflag from resource t where t.delflag=0 
2019-12-20 19:01:26 [http-nio-8080-exec-3] DEBUG c.g.m.R.selectResourceList - ==> Parameters: 
2019-12-20 19:01:26 [http-nio-8080-exec-3] DEBUG c.g.m.R.selectResourceList - <==      Total: 10
2019-12-20 19:01:30 [http-nio-8080-exec-10] DEBUG c.g.m.A.selectwordslist_COUNT - ==>  Preparing: SELECT count(0) FROM words WHERE 1 = 1 
2019-12-20 19:01:30 [http-nio-8080-exec-10] DEBUG c.g.m.A.selectwordslist_COUNT - ==> Parameters: 
2019-12-20 19:01:30 [http-nio-8080-exec-10] DEBUG c.g.m.A.selectwordslist_COUNT - <==      Total: 1
2019-12-20 19:01:30 [http-nio-8080-exec-10] DEBUG c.g.m.AnalysisMapper.selectwordslist - ==>  Preparing: select wordname,value,wordtype,formtype from words where 1=1 LIMIT ? 
2019-12-20 19:01:30 [http-nio-8080-exec-10] DEBUG c.g.m.AnalysisMapper.selectwordslist - ==> Parameters: 10(Integer)
2019-12-20 19:01:30 [http-nio-8080-exec-10] DEBUG c.g.m.AnalysisMapper.selectwordslist - <==      Total: 10
2019-12-20 19:01:31 [http-nio-8080-exec-4] DEBUG c.g.m.A.selectwordslist_COUNT - ==>  Preparing: SELECT count(0) FROM words WHERE 1 = 1 
2019-12-20 19:01:31 [http-nio-8080-exec-4] DEBUG c.g.m.A.selectwordslist_COUNT - ==> Parameters: 
2019-12-20 19:01:31 [http-nio-8080-exec-4] DEBUG c.g.m.A.selectwordslist_COUNT - <==      Total: 1
2019-12-20 19:01:31 [http-nio-8080-exec-4] DEBUG c.g.m.AnalysisMapper.selectwordslist - ==>  Preparing: select wordname,value,wordtype,formtype from words where 1=1 LIMIT ?, ? 
2019-12-20 19:01:31 [http-nio-8080-exec-4] DEBUG c.g.m.AnalysisMapper.selectwordslist - ==> Parameters: 1680(Integer), 10(Integer)
2019-12-20 19:01:31 [http-nio-8080-exec-4] DEBUG c.g.m.AnalysisMapper.selectwordslist - <==      Total: 8
2019-12-20 19:01:32 [http-nio-8080-exec-2] DEBUG c.g.m.A.selectwordslist_COUNT - ==>  Preparing: SELECT count(0) FROM words WHERE 1 = 1 
2019-12-20 19:01:32 [http-nio-8080-exec-2] DEBUG c.g.m.A.selectwordslist_COUNT - ==> Parameters: 
2019-12-20 19:01:32 [http-nio-8080-exec-2] DEBUG c.g.m.A.selectwordslist_COUNT - <==      Total: 1
2019-12-20 19:01:32 [http-nio-8080-exec-2] DEBUG c.g.m.AnalysisMapper.selectwordslist - ==>  Preparing: select wordname,value,wordtype,formtype from words where 1=1 LIMIT ?, ? 
2019-12-20 19:01:32 [http-nio-8080-exec-2] DEBUG c.g.m.AnalysisMapper.selectwordslist - ==> Parameters: 1670(Integer), 10(Integer)
2019-12-20 19:01:32 [http-nio-8080-exec-2] DEBUG c.g.m.AnalysisMapper.selectwordslist - <==      Total: 10
2019-12-20 19:01:33 [http-nio-8080-exec-1] DEBUG c.g.m.A.selectwordslist_COUNT - ==>  Preparing: SELECT count(0) FROM words WHERE 1 = 1 
2019-12-20 19:01:33 [http-nio-8080-exec-1] DEBUG c.g.m.A.selectwordslist_COUNT - ==> Parameters: 
2019-12-20 19:01:33 [http-nio-8080-exec-1] DEBUG c.g.m.A.selectwordslist_COUNT - <==      Total: 1
2019-12-20 19:01:33 [http-nio-8080-exec-1] DEBUG c.g.m.AnalysisMapper.selectwordslist - ==>  Preparing: select wordname,value,wordtype,formtype from words where 1=1 LIMIT ?, ? 
2019-12-20 19:01:33 [http-nio-8080-exec-1] DEBUG c.g.m.AnalysisMapper.selectwordslist - ==> Parameters: 1660(Integer), 10(Integer)
2019-12-20 19:01:33 [http-nio-8080-exec-1] DEBUG c.g.m.AnalysisMapper.selectwordslist - <==      Total: 10
2019-12-20 19:01:59 [http-nio-8080-exec-10] DEBUG c.g.m.A.selectwordslist_COUNT - ==>  Preparing: SELECT count(0) FROM words WHERE 1 = 1 
2019-12-20 19:01:59 [http-nio-8080-exec-10] DEBUG c.g.m.A.selectwordslist_COUNT - ==> Parameters: 
2019-12-20 19:01:59 [http-nio-8080-exec-10] DEBUG c.g.m.A.selectwordslist_COUNT - <==      Total: 1
2019-12-20 19:01:59 [http-nio-8080-exec-10] DEBUG c.g.m.AnalysisMapper.selectwordslist - ==>  Preparing: select wordname,value,wordtype,formtype from words where 1=1 LIMIT ? 
2019-12-20 19:01:59 [http-nio-8080-exec-10] DEBUG c.g.m.AnalysisMapper.selectwordslist - ==> Parameters: 10(Integer)
2019-12-20 19:01:59 [http-nio-8080-exec-10] DEBUG c.g.m.AnalysisMapper.selectwordslist - <==      Total: 10
2019-12-20 19:13:33 [main] INFO  o.s.d.r.c.RepositoryConfigurationDelegate - Multiple Spring Data modules found, entering strict repository configuration mode!
2019-12-20 19:13:34 [main] INFO  c.a.d.s.b.a.DruidDataSourceAutoConfigure - Init DruidDataSource
2019-12-20 19:13:36 [main] INFO  c.alibaba.druid.pool.DruidDataSource - {dataSource-1} inited
2019-12-20 19:13:36 [main] INFO  o.a.c.c.C.[Catalina].[localhost].[/] - Initializing Spring embedded WebApplicationContext
2019-12-20 19:13:40 [main] INFO  org.apache.jasper.servlet.TldScanner - è‡³å°‘æœ‰ä¸€ä¸ªJARè¢«æ‰«æç”¨äºŽTLDä½†å°šæœªåŒ…å«TLDã€‚ ä¸ºæ­¤è®°å½•å™¨å¯ç”¨è°ƒè¯•æ—¥å¿—è®°å½•ï¼Œä»¥èŽ·å–å·²æ‰«æä½†æœªåœ¨å…¶ä¸­æ‰¾åˆ°TLDçš„å®Œæ•´JARåˆ—è¡¨ã€‚ åœ¨æ‰«ææœŸé—´è·³è¿‡ä¸éœ€è¦çš„JARå¯ä»¥ç¼©çŸ­å¯åŠ¨æ—¶é—´å’ŒJSPç¼–è¯‘æ—¶é—´ã€‚
2019-12-20 19:13:40 [main] INFO  o.apache.catalina.startup.HostConfig - Deployment of web application directory [E:\apache-tomcat-9.0.30\ROOT] has finished in [15,992] ms
2019-12-20 19:13:40 [main] INFO  o.apache.catalina.startup.HostConfig - æŠŠweb åº”ç”¨ç¨‹åºéƒ¨ç½²åˆ°ç›®å½• [E:\apache-tomcat-9.0.30\temp]
2019-12-20 19:13:41 [main] INFO  org.apache.jasper.servlet.TldScanner - è‡³å°‘æœ‰ä¸€ä¸ªJARè¢«æ‰«æç”¨äºŽTLDä½†å°šæœªåŒ…å«TLDã€‚ ä¸ºæ­¤è®°å½•å™¨å¯ç”¨è°ƒè¯•æ—¥å¿—è®°å½•ï¼Œä»¥èŽ·å–å·²æ‰«æä½†æœªåœ¨å…¶ä¸­æ‰¾åˆ°TLDçš„å®Œæ•´JARåˆ—è¡¨ã€‚ åœ¨æ‰«ææœŸé—´è·³è¿‡ä¸éœ€è¦çš„JARå¯ä»¥ç¼©çŸ­å¯åŠ¨æ—¶é—´å’ŒJSPç¼–è¯‘æ—¶é—´ã€‚
2019-12-20 19:13:41 [main] INFO  o.apache.catalina.startup.HostConfig - Deployment of web application directory [E:\apache-tomcat-9.0.30\temp] has finished in [1,549] ms
2019-12-20 19:13:41 [main] INFO  o.apache.catalina.startup.HostConfig - æŠŠweb åº”ç”¨ç¨‹åºéƒ¨ç½²åˆ°ç›®å½• [E:\apache-tomcat-9.0.30\webapps]
2019-12-20 19:13:43 [main] INFO  org.apache.jasper.servlet.TldScanner - è‡³å°‘æœ‰ä¸€ä¸ªJARè¢«æ‰«æç”¨äºŽTLDä½†å°šæœªåŒ…å«TLDã€‚ ä¸ºæ­¤è®°å½•å™¨å¯ç”¨è°ƒè¯•æ—¥å¿—è®°å½•ï¼Œä»¥èŽ·å–å·²æ‰«æä½†æœªåœ¨å…¶ä¸­æ‰¾åˆ°TLDçš„å®Œæ•´JARåˆ—è¡¨ã€‚ åœ¨æ‰«ææœŸé—´è·³è¿‡ä¸éœ€è¦çš„JARå¯ä»¥ç¼©çŸ­å¯åŠ¨æ—¶é—´å’ŒJSPç¼–è¯‘æ—¶é—´ã€‚
2019-12-20 19:13:43 [main] INFO  o.apache.catalina.startup.HostConfig - Deployment of web application directory [E:\apache-tomcat-9.0.30\webapps] has finished in [1,497] ms
2019-12-20 19:13:43 [main] INFO  o.apache.catalina.startup.HostConfig - æŠŠweb åº”ç”¨ç¨‹åºéƒ¨ç½²åˆ°ç›®å½• [E:\apache-tomcat-9.0.30\work]
2019-12-20 19:13:44 [main] INFO  org.apache.jasper.servlet.TldScanner - è‡³å°‘æœ‰ä¸€ä¸ªJARè¢«æ‰«æç”¨äºŽTLDä½†å°šæœªåŒ…å«TLDã€‚ ä¸ºæ­¤è®°å½•å™¨å¯ç”¨è°ƒè¯•æ—¥å¿—è®°å½•ï¼Œä»¥èŽ·å–å·²æ‰«æä½†æœªåœ¨å…¶ä¸­æ‰¾åˆ°TLDçš„å®Œæ•´JARåˆ—è¡¨ã€‚ åœ¨æ‰«ææœŸé—´è·³è¿‡ä¸éœ€è¦çš„JARå¯ä»¥ç¼©çŸ­å¯åŠ¨æ—¶é—´å’ŒJSPç¼–è¯‘æ—¶é—´ã€‚
2019-12-20 19:13:44 [main] INFO  o.apache.catalina.startup.HostConfig - Deployment of web application directory [E:\apache-tomcat-9.0.30\work] has finished in [1,490] ms
2019-12-20 19:13:44 [main] INFO  o.a.coyote.http11.Http11NioProtocol - å¼€å§‹åè®®å¤„ç†å¥æŸ„["http-nio-8080"]
2019-12-20 19:13:44 [main] INFO  org.apache.coyote.ajp.AjpNioProtocol - å¼€å§‹åè®®å¤„ç†å¥æŸ„["ajp-nio-8009"]
2019-12-20 19:13:44 [main] INFO  org.apache.catalina.startup.Catalina - Server startup in [29,456] milliseconds
2019-12-20 19:13:56 [http-nio-8080-exec-4] INFO  o.a.c.c.C.[Catalina].[localhost].[/] - Initializing Spring FrameworkServlet 'dispatcherServlet'
2019-12-20 19:14:04 [http-nio-8080-exec-7] DEBUG c.g.m.U.SelectUserByLoginName - ==>  Preparing: select * from user where user_id=? 
2019-12-20 19:14:04 [http-nio-8080-exec-7] DEBUG c.g.m.U.SelectUserByLoginName - ==> Parameters: useradmin(String)
2019-12-20 19:14:04 [http-nio-8080-exec-7] DEBUG c.g.m.U.SelectUserByLoginName - <==      Total: 1
2019-12-20 19:14:04 [http-nio-8080-exec-10] DEBUG c.g.m.UserMapper.updateLoginTime - ==>  Preparing: update user set lastlogintime=now() where user_id=? and delflag=0 
2019-12-20 19:14:04 [http-nio-8080-exec-10] DEBUG c.g.m.UserMapper.updateLoginTime - ==> Parameters: useradmin(String)
2019-12-20 19:14:04 [http-nio-8080-exec-10] DEBUG c.g.m.UserMapper.updateLoginTime - <==    Updates: 1
2019-12-20 19:14:05 [http-nio-8080-exec-3] DEBUG c.g.mapper.UserMapper.getroleidByuid - ==>  Preparing: select role_id roleid from user where user_id=? 
2019-12-20 19:14:05 [http-nio-8080-exec-3] DEBUG c.g.mapper.UserMapper.getroleidByuid - ==> Parameters: useradmin(String)
2019-12-20 19:14:05 [http-nio-8080-exec-3] DEBUG c.g.mapper.UserMapper.getroleidByuid - <==      Total: 1
2019-12-20 19:14:05 [http-nio-8080-exec-3] DEBUG c.g.m.UserMapper.listMenuByRoleId - ==>  Preparing: select menu.* from role_menu, menu where role_menu.role_id = ? and role_menu.menu_id = menu.id and menu.state='1' 
2019-12-20 19:14:05 [http-nio-8080-exec-3] DEBUG c.g.m.UserMapper.listMenuByRoleId - ==> Parameters: 1(String)
2019-12-20 19:14:05 [http-nio-8080-exec-3] DEBUG c.g.m.UserMapper.listMenuByRoleId - <==      Total: 12
2019-12-20 19:14:06 [http-nio-8080-exec-8] DEBUG c.g.mapper.UserMapper.queryuserlist - ==>  Preparing: select user_id,password,user_name,state, DATE_FORMAT(created, '%Y-%m-%d %H:%i:%S') created, DATE_FORMAT(updated, '%Y-%m-%d %H:%i:%S') updated, remark,role_id from user limit ?,? 
2019-12-20 19:14:06 [http-nio-8080-exec-8] DEBUG c.g.mapper.UserMapper.queryuserlist - ==> Parameters: 0(Integer), 10(Integer)
2019-12-20 19:14:06 [http-nio-8080-exec-8] DEBUG c.g.mapper.UserMapper.queryuserlist - <==      Total: 7
2019-12-20 19:14:06 [http-nio-8080-exec-8] DEBUG c.g.m.UserMapper.queryuserlistcnt - ==>  Preparing: select count(*) from user where 1=1 
2019-12-20 19:14:06 [http-nio-8080-exec-8] DEBUG c.g.m.UserMapper.queryuserlistcnt - ==> Parameters: 
2019-12-20 19:14:06 [http-nio-8080-exec-8] DEBUG c.g.m.UserMapper.queryuserlistcnt - <==      Total: 1
2019-12-20 19:14:09 [http-nio-8080-exec-10] DEBUG c.g.m.A.selectwordslist_COUNT - ==>  Preparing: SELECT count(0) FROM words WHERE 1 = 1 
2019-12-20 19:14:09 [http-nio-8080-exec-10] DEBUG c.g.m.A.selectwordslist_COUNT - ==> Parameters: 
2019-12-20 19:14:09 [http-nio-8080-exec-10] DEBUG c.g.m.A.selectwordslist_COUNT - <==      Total: 1
2019-12-20 19:14:09 [http-nio-8080-exec-10] DEBUG c.g.m.AnalysisMapper.selectwordslist - ==>  Preparing: select wordname,value,wordtype,formtype from words where 1=1 LIMIT ? 
2019-12-20 19:14:09 [http-nio-8080-exec-10] DEBUG c.g.m.AnalysisMapper.selectwordslist - ==> Parameters: 10(Integer)
2019-12-20 19:14:09 [http-nio-8080-exec-10] DEBUG c.g.m.AnalysisMapper.selectwordslist - <==      Total: 10
2019-12-20 19:14:10 [http-nio-8080-exec-1] DEBUG c.g.m.A.selectwordslist_COUNT - ==>  Preparing: SELECT count(0) FROM words WHERE 1 = 1 
2019-12-20 19:14:10 [http-nio-8080-exec-1] DEBUG c.g.m.A.selectwordslist_COUNT - ==> Parameters: 
2019-12-20 19:14:10 [http-nio-8080-exec-1] DEBUG c.g.m.A.selectwordslist_COUNT - <==      Total: 1
2019-12-20 19:14:10 [http-nio-8080-exec-1] DEBUG c.g.m.AnalysisMapper.selectwordslist - ==>  Preparing: select wordname,value,wordtype,formtype from words where 1=1 LIMIT ?, ? 
2019-12-20 19:14:10 [http-nio-8080-exec-1] DEBUG c.g.m.AnalysisMapper.selectwordslist - ==> Parameters: 1680(Integer), 10(Integer)
2019-12-20 19:14:10 [http-nio-8080-exec-1] DEBUG c.g.m.AnalysisMapper.selectwordslist - <==      Total: 8
2019-12-20 19:15:57 [http-nio-8080-exec-10] INFO  o.a.shiro.realm.AuthorizingRealm - No cache or cacheManager properties have been set.  Authorization cache cannot be obtained.
